#
# A fatal error has been detected by the Java Runtime Environment:
#
#  Internal Error (jvmciRuntime.cpp:1609), pid=31, tid=45
#  fatal error: Fatal exception in JVMCI: Error calling jdk.vm.ci.services.Services.serializeSavedProperties
#
# JRE version: OpenJDK Runtime Environment GraalVM CE 22.3.0 (17.0.5+8) (build 17.0.5+8-jvmci-22.3-b08)
# Java VM: OpenJDK 64-Bit Server VM GraalVM CE 22.3.0 (17.0.5+8-jvmci-22.3-b08, mixed mode, sharing, tiered, jvmci, jvmci compiler, compressed oops, compressed class ptrs, parallel gc, linux-amd64)
# Problematic frame:
# V  [libjvm.so+0x972714]  JVMCIRuntime::fatal_exception(JVMCIEnv*, char const*)+0x74
#
# Core dump will be written. Default location: Core dumps may be processed with "/usr/share/apport/apport -p%p -s%s -c%c -d%d -P%P -u%u -g%g -- %E" (or dumping to /home/runner/HardtofindEarlyFolders/core.31)
#
# If you would like to submit a bug report, please visit:
#   https://github.com/oracle/graal/issues
#

---------------  S U M M A R Y ------------

Command Line: -XX:ThreadPriorityPolicy=1 -XX:+UnlockExperimentalVMOptions -XX:+EnableJVMCIProduct -XX:JVMCIThreadsPerNativeLibraryRuntime=1 -XX:-UnlockExperimentalVMOptions -Declipse.application=org.eclipse.jdt.ls.core.id1 -Dosgi.bundles.defaultStartLevel=4 -Declipse.product=org.eclipse.jdt.ls.core.product -Dlog.level=ALL -Xverify:none -XX:+UseParallelGC -XX:GCTimeRatio=4 -XX:AdaptiveSizePolicyWeight=90 -Dsun.zip.disableMemoryMapping=true -Xmx512m -Xms100m /nix/store/m6gcpi1ii6rghy04cjwjddcavv7i90df-jdt-language-server-1.9.0/share/java/plugins/org.eclipse.equinox.launcher_1.6.400.v20210924-0641.jar --add-modules=ALL-SYSTEM --add-opens java.base/java.util=ALL-UNNAMED --add-opens java.base/java.lang=ALL-UNNAMED -configuration /home/runner/.cache/jdt-language-server/config -data /home/runner/.cache/jdt-language-server/data/home/runner/HardtofindEarlyFolders

Host: AMD EPYC 7B12, 8 cores, 1G, Ubuntu 20.04.2 LTS
Time: Tue Feb 21 19:01:51 2023 UTC elapsed time: 963.092065 seconds (0d 0h 16m 3s)

---------------  T H R E A D  ---------------

Current thread (0x00007f9f380b21e0):  JavaThread "JVMCI-native CompilerThread0" daemon [_thread_in_vm, id=45, stack(0x00007f9f1de1a000,0x00007f9f1e01a000)]


Current CompileTask:
JVMCI-native: 963092 6746       4       org.eclipse.core.runtime.Path::toOSString (227 bytes)

Stack: [0x00007f9f1de1a000,0x00007f9f1e01a000],  sp=0x00007f9f1e018380,  free space=2040k
Native frames: (J=compiled Java code, j=interpreted, Vv=VM code, C=native code)
V  [libjvm.so+0x972714]  JVMCIRuntime::fatal_exception(JVMCIEnv*, char const*)+0x74
V  [libjvm.so+0x93e2fe]  JVMCIEnv::copy_saved_properties()+0x14e
V  [libjvm.so+0x9732a9]  JVMCIRuntime::initialize(JVMCIEnv*)+0xb19
V  [libjvm.so+0x9738a2]  JVMCIRuntime::get_HotSpotJVMCIRuntime(JVMCIEnv*)+0x12
V  [libjvm.so+0x9749f2]  JVMCIRuntime::compile_method(JVMCIEnv*, JVMCICompiler*, methodHandle const&, int)+0xd2
V  [libjvm.so+0x5b0d20]  CompileBroker::invoke_compiler_on_method(CompileTask*)+0x1470
V  [libjvm.so+0x5b12e8]  CompileBroker::compiler_thread_loop()+0x528
V  [libjvm.so+0xd82460]  JavaThread::thread_main_inner()+0xd0
V  [libjvm.so+0xd85a40]  Thread::call_run()+0xc0
V  [libjvm.so+0xbdb1e1]  thread_native_entry(Thread*)+0xe1

Register to memory mapping:

RAX=0x00007f9f3db1a000 points into unknown readable memory: 0x0000000000000058 | 58 00 00 00 00 00 00 00
RBX=0x00007f9f3ec15398: <offset 0x0000000000ef5398> in /nix/store/gpxl5qgg8kicmcvivwmybwjlpf7wh20l-graalvm17-ce-22.3.0/lib/server/libjvm.so at 0x00007f9f3dd20000
RCX=0x00007f9f3ebcd1e8: <offset 0x0000000000ead1e8> in /nix/store/gpxl5qgg8kicmcvivwmybwjlpf7wh20l-graalvm17-ce-22.3.0/lib/server/libjvm.so at 0x00007f9f3dd20000
RDX=0x0000000000000649 is an unknown value
RSP=0x00007f9f1e018380 is pointing into the stack for thread: 0x00007f9f380b21e0
RBP=0x00007f9f1e0183a0 is pointing into the stack for thread: 0x00007f9f380b21e0
RSI=0x00007f9f3ec15c48: <offset 0x0000000000ef5c48> in /nix/store/gpxl5qgg8kicmcvivwmybwjlpf7wh20l-graalvm17-ce-22.3.0/lib/server/libjvm.so at 0x00007f9f3dd20000
RDI=0x00000000e0000000 is an oop: java.lang.String 
{0x00000000e0000000} - klass: 'java/lang/String'
 - string: "resolution"
R8 =0x00007f9f3ec15398: <offset 0x0000000000ef5398> in /nix/store/gpxl5qgg8kicmcvivwmybwjlpf7wh20l-graalvm17-ce-22.3.0/lib/server/libjvm.so at 0x00007f9f3dd20000
R9 =0x00007f9f1e018330 is pointing into the stack for thread: 0x00007f9f380b21e0
R10=0x00007f9f1e019948 is pointing into the stack for thread: 0x00007f9f380b21e0
R11=0x0000000000000293 is an unknown value
R12=0x0 is NULL
R13=0x00007f9f380b21e0 is a thread
R14=0x00007f9f38000b80 points into unknown readable memory: 0x00007f9f3ee46a38 | 38 6a e4 3e 9f 7f 00 00
R15=0x00007f9f3ef54e40: <offset 0x0000000001234e40> in /nix/store/gpxl5qgg8kicmcvivwmybwjlpf7wh20l-graalvm17-ce-22.3.0/lib/server/libjvm.so at 0x00007f9f3dd20000


Registers:
RAX=0x00007f9f3db1a000, RBX=0x00007f9f3ec15398, RCX=0x00007f9f3ebcd1e8, RDX=0x0000000000000649
RSP=0x00007f9f1e018380, RBP=0x00007f9f1e0183a0, RSI=0x00007f9f3ec15c48, RDI=0x00000000e0000000
R8 =0x00007f9f3ec15398, R9 =0x00007f9f1e018330, R10=0x00007f9f1e019948, R11=0x0000000000000293
R12=0x0000000000000000, R13=0x00007f9f380b21e0, R14=0x00007f9f38000b80, R15=0x00007f9f3ef54e40
RIP=0x00007f9f3e692714, EFLAGS=0x0000000000010206, CSGSFS=0x002b000000000033, ERR=0x0000000000000006
  TRAPNO=0x000000000000000e

Top of Stack: (sp=0x00007f9f1e018380)
0x00007f9f1e018380:   00007f9f1e018940 00007f9f380b21e0
0x00007f9f1e018390:   00007f9f3c4ab8c8 0000000800c417a0
0x00007f9f1e0183a0:   00007f9f1e018500 00007f9f3e65e2fe
0x00007f9f1e0183b0:   00007f9f1e0183e0 00007f9f1e018440 

Instructions: (pc=0x00007f9f3e692714)
0x00007f9f3e692614:   30 e8 f6 cf e8 ff 4c 89 e7 e8 2e 48 d1 ff 84 db
0x00007f9f3e692624:   75 2a 4d 85 ed 74 04 4d 8b 6d 00 48 83 c4 08 44
0x00007f9f3e692634:   89 f9 4c 89 f2 4c 89 ee 5b 4c 89 e7 41 5c 41 5d
0x00007f9f3e692644:   41 5e 41 5f 5d e9 e2 47 d1 ff 66 90 48 83 c4 08
0x00007f9f3e692654:   5b 41 5c 41 5d 41 5e 41 5f 5d c3 90 31 d2 be 08
0x00007f9f3e692664:   00 00 00 4c 89 ff e8 b1 78 a3 ff 49 89 c5 e9 37
0x00007f9f3e692674:   ff ff ff 66 0f 1f 84 00 00 00 00 00 48 8b 7a 08
0x00007f9f3e692684:   e9 6d ff ff ff 0f 1f 80 00 00 00 00 e8 5b 48 0a
0x00007f9f3e692694:   00 84 c0 75 89 e9 6a ff ff ff 66 90 55 48 89 e5
0x00007f9f3e6926a4:   41 56 41 55 41 54 49 89 fc 53 48 89 f3 66 48 8d
0x00007f9f3e6926b4:   3d 27 5e 85 00 66 66 48 e8 df 43 8d ff 4c 8b 28
0x00007f9f3e6926c4:   8b 05 be 72 8a 00 85 c0 75 14 ba 01 00 00 00 48
0x00007f9f3e6926d4:   8d 0d ae 72 8a 00 f0 0f b1 11 85 c0 74 4e be c8
0x00007f9f3e6926e4:   00 00 00 4c 89 ef e8 01 0b 41 00 48 8d 05 12 ac
0x00007f9f3e6926f4:   85 00 49 89 d8 48 8d 0d e8 aa 53 00 ba 49 06 00
0x00007f9f3e692704:   00 48 8d 35 3c 35 58 00 bf 00 00 00 e0 48 8b 00
0x00007f9f3e692714:   c6 00 58 31 c0 e8 e2 91 c6 ff 5b 41 5c 41 5d 41
0x00007f9f3e692724:   5e 5d e9 55 34 26 00 0f 1f 44 00 00 48 8d 05 81
0x00007f9f3e692734:   a3 8b 00 48 89 df 4c 8b 30 e8 9e 43 8d ff 48 89
0x00007f9f3e692744:   de 48 89 c2 49 8b 06 4c 89 f7 ff 50 08 4c 89 f7
0x00007f9f3e692754:   e8 a7 5c 27 00 4d 85 e4 74 12 be 01 00 00 00 4c
0x00007f9f3e692764:   89 e7 e8 35 43 fc ff eb 82 0f 1f 00 be 01 00 00
0x00007f9f3e692774:   00 4c 89 ef e8 d3 fd ff ff e9 6d ff ff ff 66 66
0x00007f9f3e692784:   2e 0f 1f 84 00 00 00 00 00 0f 1f 00 55 48 89 e5
0x00007f9f3e692794:   41 57 41 56 41 55 41 54 53 48 81 ec 08 02 00 00
0x00007f9f3e6927a4:   64 48 8b 04 25 28 00 00 00 48 89 45 c8 8b 07 83
0x00007f9f3e6927b4:   f8 02 0f 84 11 04 00 00 4c 8b 6f 18 49 89 ff 49
0x00007f9f3e6927c4:   89 f4 4d 85 ed 74 14 4c 89 ef e8 5d 57 22 00 41
0x00007f9f3e6927d4:   8b 07 83 f8 02 0f 84 19 04 00 00 48 8d 1d 9a 06
0x00007f9f3e6927e4:   8a 00 4c 8d 35 0b 3c 58 00 eb 38 90 48 85 d2 7f
0x00007f9f3e6927f4:   0d 48 8d 05 b4 c0 85 00 48 83 38 00 7e 0e 41 8b
0x00007f9f3e692804:   77 2c 4c 89 f7 31 c0 e8 a0 b2 f7 ff 49 8b 7f 18 


Stack slot to memory mapping:
stack at sp + 0 slots: 0x00007f9f1e018940 is pointing into the stack for thread: 0x00007f9f380b21e0
stack at sp + 1 slots: 0x00007f9f380b21e0 is a thread
stack at sp + 2 slots: 0x00007f9f3c4ab8c8 points into unknown readable memory: 0x65730018052dffff | ff ff 2d 05 18 00 73 65
stack at sp + 3 slots: 0x0000000800c417a0 is a pointer to class: 
jdk.vm.ci.services.Services {0x0000000800c417a0}
 - instance size:     2
 - klass size:        65
 - access:            public final synchronized 
 - state:             fully_initialized
 - name:              'jdk/vm/ci/services/Services'
 - super:             'java/lang/Object'
 - sub:               
 - arrays:            NULL
 - methods:           Array<T>(0x00007f9f1e845918)
 - method ordering:   Array<T>(0x0000000800928960)
 - default_methods:   Array<T>(0x0000000000000000)
 - local interfaces:  Array<T>(0x00000008005ce810)
 - trans. interfaces: Array<T>(0x00000008005ce810)
 - constants:         constant pool [427] {0x00007f9f1e844758} for 'jdk/vm/ci/services/Services' cache=0x00007f9f1e846da8
 - class loader data:  loader data: 0x00007f9f380283f0 of 'bootstrap'
 - source file:       'Services.java'
 - class annotations:       Array<T>(0x0000000000000000)
 - class type annotations:  Array<T>(0x0000000000000000)
 - field annotations:       Array<T>(0x0000000000000000)
 - field type annotations:  Array<T>(0x0000000000000000)
 - inner classes:     Array<T>(0x00007f9f1e846d78)
 - nest members:     Array<T>(0x00007f9f1e846d98)
 - permitted subclasses:     Array<T>(0x00000008005ce7a0)
 - java mirror:       a 'java/lang/Class'{0x00000000e0145d38} = 'jdk/vm/ci/services/Services'
 - vtable length      5  (start addr: 0x0000000800c41970)
 - itable length      2 (start addr: 0x0000000800c41998)
 - ---- static fields (3 words):
 - public static final 'IS_BUILDING_NATIVE_IMAGE' 'Z' @128 
 - public static final 'IS_IN_NATIVE_IMAGE' 'Z' @129 
 - private static volatile 'savedProperties' 'Ljava/util/Map;' @112 
 - static final 'JVMCI_ENABLED' 'Z' @130 
 - private static final 'servicesCache' 'Ljava/util/Map;' @116 
 - private static final 'MAX_UNICODE_IN_UTF8_LENGTH' 'I' @120 
 - private static final 'MAX_UTF8_PROPERTY_STRING_LENGTH' 'I' @124 
 - ---- non-static fields (0 words):
 - non-static oop maps: 
stack at sp + 4 slots: 0x00007f9f1e018500 is pointing into the stack for thread: 0x00007f9f380b21e0
stack at sp + 5 slots: 0x00007f9f3e65e2fe: <offset 0x000000000093e2fe> in /nix/store/gpxl5qgg8kicmcvivwmybwjlpf7wh20l-graalvm17-ce-22.3.0/lib/server/libjvm.so at 0x00007f9f3dd20000
stack at sp + 6 slots: 0x00007f9f1e0183e0 is pointing into the stack for thread: 0x00007f9f380b21e0
stack at sp + 7 slots: 0x00007f9f1e018440 is pointing into the stack for thread: 0x00007f9f380b21e0


---------------  P R O C E S S  ---------------

Threads class SMR info:
_java_thread_list=0x00007f9edc004210, length=26, elements={
0x00007f9f38026690, 0x00007f9f380a64d0, 0x00007f9f380a7910, 0x00007f9f380ae050,
0x00007f9f380af400, 0x00007f9f380b07f0, 0x00007f9f380b21e0, 0x00007f9f380b36f0,
0x00007f9f380b4750, 0x00007f9f380e7a20, 0x00007f9f3812f7e0, 0x00007f9f383138f0,
0x00007f9f38347920, 0x00007f9f383497c0, 0x00007f9f3860e6f0, 0x00007f9ecc016f60,
0x00007f9ecc2aad70, 0x00007f9ecc30d070, 0x00007f9ec00010d0, 0x00007f9ecc4895f0,
0x00007f9ecc5f7be0, 0x00007f9f3841fa60, 0x00007f9f383de7c0, 0x00007f9ea814f650,
0x00007f9eb4000ff0, 0x00007f9ea8153cd0
}

Java Threads: ( => current thread )
  0x00007f9f38026690 JavaThread "main" [_thread_blocked, id=37, stack(0x00007f9f3db3b000,0x00007f9f3dc3b000)]
  0x00007f9f380a64d0 JavaThread "Reference Handler" daemon [_thread_blocked, id=40, stack(0x00007f9f1e700000,0x00007f9f1e800000)]
  0x00007f9f380a7910 JavaThread "Finalizer" daemon [_thread_blocked, id=41, stack(0x00007f9f1e600000,0x00007f9f1e700000)]
  0x00007f9f380ae050 JavaThread "Signal Dispatcher" daemon [_thread_blocked, id=42, stack(0x00007f9f1e21a000,0x00007f9f1e31a000)]
  0x00007f9f380af400 JavaThread "Service Thread" daemon [_thread_blocked, id=43, stack(0x00007f9f1e11a000,0x00007f9f1e21a000)]
  0x00007f9f380b07f0 JavaThread "Monitor Deflation Thread" daemon [_thread_blocked, id=44, stack(0x00007f9f1e01a000,0x00007f9f1e11a000)]
=>0x00007f9f380b21e0 JavaThread "JVMCI-native CompilerThread0" daemon [_thread_in_vm, id=45, stack(0x00007f9f1de1a000,0x00007f9f1e01a000)]
  0x00007f9f380b36f0 JavaThread "C1 CompilerThread0" daemon [_thread_blocked, id=46, stack(0x00007f9f1dc1a000,0x00007f9f1de1a000)]
  0x00007f9f380b4750 JavaThread "Sweeper thread" daemon [_thread_blocked, id=47, stack(0x00007f9f1db1a000,0x00007f9f1dc1a000)]
  0x00007f9f380e7a20 JavaThread "Common-Cleaner" daemon [_thread_blocked, id=48, stack(0x00007f9f1da1a000,0x00007f9f1db1a000)]
  0x00007f9f3812f7e0 JavaThread "Notification Thread" daemon [_thread_blocked, id=49, stack(0x00007f9f1d91a000,0x00007f9f1da1a000)]
  0x00007f9f383138f0 JavaThread "Active Thread: Equinox Container: 365d8357-4920-409f-9ccd-b08c52db1944" [_thread_blocked, id=58, stack(0x00007f9f1c500000,0x00007f9f1c600000)]
  0x00007f9f38347920 JavaThread "Framework Event Dispatcher: Equinox Container: 365d8357-4920-409f-9ccd-b08c52db1944" daemon [_thread_blocked, id=65, stack(0x00007f9f1c300000,0x00007f9f1c400000)]
  0x00007f9f383497c0 JavaThread "Start Level: Equinox Container: 365d8357-4920-409f-9ccd-b08c52db1944" daemon [_thread_blocked, id=66, stack(0x00007f9f1c100000,0x00007f9f1c200000)]
  0x00007f9f3860e6f0 JavaThread "Refresh Thread: Equinox Container: 365d8357-4920-409f-9ccd-b08c52db1944" daemon [_thread_blocked, id=67, stack(0x00007f9ee5b00000,0x00007f9ee5c00000)]
  0x00007f9ecc016f60 JavaThread "SCR Component Actor" daemon [_thread_blocked, id=68, stack(0x00007f9f1c200000,0x00007f9f1c300000)]
  0x00007f9ecc2aad70 JavaThread "Worker-JM" [_thread_blocked, id=74, stack(0x00007f9ee5700000,0x00007f9ee5800000)]
  0x00007f9ecc30d070 JavaThread "Worker-0" [_thread_blocked, id=76, stack(0x00007f9ee5500000,0x00007f9ee5600000)]
  0x00007f9ec00010d0 JavaThread "Worker-1: Compacting resource model" [_thread_blocked, id=79, stack(0x00007f9ee5300000,0x00007f9ee5400000)]
  0x00007f9ecc4895f0 JavaThread "Java indexing" daemon [_thread_blocked, id=82, stack(0x00007f9ee4f00000,0x00007f9ee5000000)]
  0x00007f9ecc5f7be0 JavaThread "Bundle File Closer" daemon [_thread_blocked, id=87, stack(0x00007f9ee4d00000,0x00007f9ee4e00000)]
  0x00007f9f3841fa60 JavaThread "pool-3-thread-1" [_thread_blocked, id=88, stack(0x00007f9ee4b00000,0x00007f9ee4c00000)]
  0x00007f9f383de7c0 JavaThread "pool-2-thread-1" [_thread_blocked, id=92, stack(0x00007f9ee4900000,0x00007f9ee4a00000)]
  0x00007f9ea814f650 JavaThread "Thread-3" [_thread_blocked, id=513, stack(0x00007f9ee5100000,0x00007f9ee5200000)]
  0x00007f9eb4000ff0 JavaThread "Worker-5: Periodic workspace save." [_thread_blocked, id=967, stack(0x00007f9ee4700000,0x00007f9ee4800000)]
  0x00007f9ea8153cd0 JavaThread "Thread-6" [_thread_blocked, id=1918, stack(0x00007f9ee4300000,0x00007f9ee4400000)]

Other Threads:
  0x00007f9f380a1c10 VMThread "VM Thread" [stack: 0x00007f9f1f0e1000,0x00007f9f1f1e1000] [id=39] _threads_hazard_ptr=0x00007f9edc004210
  0x00007f9f38131180 WatcherThread [stack: 0x00007f9f1d81a000,0x00007f9f1d91a000] [id=50]
  0x00007f9f3803df30 GCTaskThread "GC Thread#0" [stack: 0x00007f9f3d6fe000,0x00007f9f3d7fe000] [id=38]

Threads with active compile tasks:
JVMCI-native CompilerThread0   963152 6746       4       org.eclipse.core.runtime.Path::toOSString (227 bytes)

VM state: synchronizing (normal execution)

VM Mutex/Monitor currently owned by a thread:  ([mutex/lock_event])
[0x00007f9f38023840] Threads_lock - owner thread: 0x00007f9f380a1c10
[0x00007f9f38023ff0] Heap_lock - owner thread: 0x00007f9f383de7c0

OutOfMemory and StackOverflow Exception counts:
OutOfMemoryError java_heap_errors=6
LinkageErrors=48

Heap address: 0x00000000e0000000, size: 512 MB, Compressed Oops mode: 32-bit

CDS archive(s) mapped at: [0x0000000800000000-0x0000000800bc8000-0x0000000800bc8000), size 12353536, SharedBaseAddress: 0x0000000800000000, ArchiveRelocationMode: 0.
Compressed class space mapped at: 0x0000000800c00000-0x0000000840c00000, reserved size: 1073741824
Narrow klass base: 0x0000000800000000, Narrow klass shift: 0, Narrow klass range: 0x100000000

GC Precious Log:
 CPUs: 8 total, 1 available
 Memory: 1024M
 Large Page Support: Disabled
 NUMA Support: Disabled
 Compressed Oops: Enabled (32-bit)
 Alignments: Space 512K, Generation 512K, Heap 2M
 Heap Min Capacity: 100M
 Heap Initial Capacity: 100M
 Heap Max Capacity: 512M
 Pre-touch: Disabled
 Parallel Workers: 1

Heap:
 PSYoungGen      total 47616K, used 31342K [0x00000000f5580000, 0x00000000f9a80000, 0x0000000100000000)
  eden space 27136K, 100% used [0x00000000f5580000,0x00000000f7000000,0x00000000f7000000)
  from space 20480K, 20% used [0x00000000f8500000,0x00000000f891b880,0x00000000f9900000)
  to   space 21504K, 0% used [0x00000000f7000000,0x00000000f7000000,0x00000000f8500000)
 ParOldGen       total 349696K, used 349695K [0x00000000e0000000, 0x00000000f5580000, 0x00000000f5580000)
  object space 349696K, 99% used [0x00000000e0000000,0x00000000f557ffa0,0x00000000f5580000)
 Metaspace       used 52809K, committed 53632K, reserved 1097728K
  class space    used 5331K, committed 5696K, reserved 1048576K

Card table byte_map: [0x00007f9f3d7fe000,0x00007f9f3d8ff000] _byte_map_base: 0x00007f9f3d0fe000

Marking Bits: (ParMarkBitMap*) 0x00007f9f3ef4e4c0
 Begin Bits: [0x00007f9f3c651000, 0x00007f9f3ce51000)
 End Bits:   [0x00007f9f3ce51000, 0x00007f9f3d651000)

Polling page: 0x00007f9f3db18000

Metaspace:

Usage:
  Non-class:     46.36 MB used.
      Class:      5.21 MB used.
       Both:     51.57 MB used.

Virtual space:
  Non-class space:       48.00 MB reserved,      46.81 MB ( 98%) committed,  6 nodes.
      Class space:        1.00 GB reserved,       5.56 MB ( <1%) committed,  1 nodes.
             Both:        1.05 GB reserved,      52.38 MB (  5%) committed. 

Chunk freelists:
   Non-Class:  1.26 MB
       Class:  2.49 MB
        Both:  3.75 MB

MaxMetaspaceSize: unlimited
CompressedClassSpaceSize: 1.00 GB
Initial GC threshold: 21.00 MB
Current GC threshold: 87.31 MB
CDS: on
MetaspaceReclaimPolicy: balanced
 - commit_granule_bytes: 65536.
 - commit_granule_words: 8192.
 - virtual_space_node_default_size: 1048576.
 - enlarge_chunks_in_place: 1.
 - new_chunks_are_fully_committed: 0.
 - uncommit_free_chunks: 1.
 - use_allocation_guard: 0.
 - handle_deallocations: 1.


Internal statistics:

num_allocs_failed_limit: 10.
num_arena_births: 350.
num_arena_deaths: 66.
num_vsnodes_births: 7.
num_vsnodes_deaths: 0.
num_space_committed: 837.
num_space_uncommitted: 0.
num_chunks_returned_to_freelist: 93.
num_chunks_taken_from_freelist: 2305.
num_chunk_merges: 35.
num_chunk_splits: 1509.
num_chunks_enlarged: 992.
num_purges: 2.
num_inconsistent_stats: 0.

CodeHeap 'non-profiled nmethods': size=120036Kb used=2415Kb max_used=2415Kb free=117621Kb
 bounds [0x00007f9f26f7a000, 0x00007f9f271ea000, 0x00007f9f2e4b3000]
CodeHeap 'profiled nmethods': size=120032Kb used=12344Kb max_used=12344Kb free=107687Kb
 bounds [0x00007f9f1fa42000, 0x00007f9f20662000, 0x00007f9f26f7a000]
CodeHeap 'non-nmethods': size=5692Kb used=1376Kb max_used=1395Kb free=4315Kb
 bounds [0x00007f9f1f4b3000, 0x00007f9f1f723000, 0x00007f9f1fa42000]
 total_blobs=6241 nmethods=5534 adapters=609
 compilation: enabled
              stopped_count=0, restarted_count=0
 full_count=0

JVMCI Events (20 events):
Event: 789.541 Thread 0x00007f9f380b21e0 destroyed JavaVM[5]@0x00007f9ee3d9e340 for JVMCI runtime 0
Event: 789.541 Thread 0x00007f9f380b21e0 compacted oop handles in JVMCI runtime 0 from 37 to 37
Event: 789.541 Thread 0x00007f9f380b21e0 releasing handles for JVMCI runtime 0: oop handles=37, metadata handles={total=128, live=119, blocks=34}
Event: 789.541 Thread 0x00007f9f380b21e0 detached from JVMCI runtime 0
Event: 847.893 Thread 0x00007f9f380b21e0 attached to JVMCI runtime 0
Event: 847.898 Thread 0x00007f9f380b21e0 created JavaVM[6]@0x00007f9ee3d9e340 for JVMCI runtime 0
Event: 847.898 Thread 0x00007f9f380b21e0 initializing JVMCI runtime 0
Event: 847.898 Thread 0x00007f9f380b21e0 done waiting for JavaVM references initialization in JVMCI runtime 0
Event: 877.660 Thread 0x00007f9f380b21e0 initialized JVMCI runtime 0
Event: 886.675 Thread 0x00007f9f380b21e0 detaching from JVMCI runtime 0: releasing idle compiler thread (0 other threads still attached)
Event: 886.675 Thread 0x00007f9f380b21e0 shutting down HotSpotJVMCIRuntime for JVMCI runtime 0
Event: 886.675 Thread 0x00007f9f380b21e0 shut down JVMCI runtime 0
Event: 886.680 Thread 0x00007f9f380b21e0 destroyed JavaVM[6]@0x00007f9ee3d9e340 for JVMCI runtime 0
Event: 886.680 Thread 0x00007f9f380b21e0 compacted oop handles in JVMCI runtime 0 from 52 to 52
Event: 886.680 Thread 0x00007f9f380b21e0 releasing handles for JVMCI runtime 0: oop handles=52, metadata handles={total=100, live=100, blocks=34}
Event: 886.680 Thread 0x00007f9f380b21e0 detached from JVMCI runtime 0
Event: 931.987 Thread 0x00007f9f380b21e0 attached to JVMCI runtime 0
Event: 931.988 Thread 0x00007f9f380b21e0 created JavaVM[7]@0x00007f9ee3d9e340 for JVMCI runtime 0
Event: 933.359 Thread 0x00007f9f380b21e0 initializing JVMCI runtime 0
Event: 933.359 Thread 0x00007f9f380b21e0 done waiting for JavaVM references initialization in JVMCI runtime 0

Compilation events (20 events):
Event: 847.892 Thread 0x00007f9f380b36f0 nmethod 6738 0x00007f9f271d4f90 code [0x00007f9f271d5120, 0x00007f9f271d51f0]
Event: 847.893 Thread 0x00007f9f380b21e0 6739       4       java.io.StringWriter::write (11 bytes)
Event: 875.196 Thread 0x00007f9f380b36f0 6740       3       java.lang.invoke.BoundMethodHandle::<init> (32 bytes)
Event: 876.468 Thread 0x00007f9f380b36f0 nmethod 6740 0x00007f9f1fcb6890 code [0x00007f9f1fcb6a40, 0x00007f9f1fcb6ba0]
Event: 880.190 Thread 0x00007f9f380b21e0 nmethod 6739 0x00007f9f271d5290 code [0x00007f9f271d5440, 0x00007f9f271d59e0]
Event: 880.191 Thread 0x00007f9f380b36f0 6741       3       java.lang.invoke.BootstrapMethodInvoker::widenAndCast (47 bytes)
Event: 880.191 Thread 0x00007f9f380b36f0 nmethod 6741 0x00007f9f1fd00310 code [0x00007f9f1fd00580, 0x00007f9f1fd00f90]
Event: 880.192 Thread 0x00007f9f380b36f0 6742       3       java.lang.invoke.Invokers::callSiteForm (308 bytes)
Event: 880.193 Thread 0x00007f9f380b36f0 nmethod 6742 0x00007f9f1fcfd810 code [0x00007f9f1fcfdb20, 0x00007f9f1fcffa20]
Event: 926.753 Thread 0x00007f9f380b36f0 6743       3       java.util.concurrent.ConcurrentHashMap::get (162 bytes)
Event: 926.753 Thread 0x00007f9f380b36f0 nmethod 6743 0x00007f9f1fcfc290 code [0x00007f9f1fcfc4e0, 0x00007f9f1fcfd540]
Event: 929.477 Thread 0x00007f9f380b36f0 6744       3       org.eclipse.jdt.internal.compiler.util.CharDelegateMap::<init> (37 bytes)
Event: 929.478 Thread 0x00007f9f380b36f0 nmethod 6744 0x00007f9f1fcfb990 code [0x00007f9f1fcfbba0, 0x00007f9f1fcfc0b0]
Event: 929.478 Thread 0x00007f9f380b36f0 6745       3       org.eclipse.jdt.internal.compiler.util.CharArrayMap::<init> (38 bytes)
Event: 929.478 Thread 0x00007f9f380b36f0 nmethod 6745 0x00007f9f1fcfb390 code [0x00007f9f1fcfb540, 0x00007f9f1fcfb870]
Event: 931.987 Thread 0x00007f9f380b21e0 6746       4       org.eclipse.core.runtime.Path::toOSString (227 bytes)
Event: 933.359 Thread 0x00007f9f380b36f0 6747       3       java.util.concurrent.ThreadPoolExecutor::isShutdown (12 bytes)
Event: 933.360 Thread 0x00007f9f380b36f0 nmethod 6747 0x00007f9f1fcb6390 code [0x00007f9f1fcb6540, 0x00007f9f1fcb6730]
Event: 960.552 Thread 0x00007f9f380b36f0 6748       3       java.util.concurrent.ScheduledThreadPoolExecutor::canRunInCurrentRunState (61 bytes)
Event: 960.553 Thread 0x00007f9f380b36f0 nmethod 6748 0x00007f9f1fcfa490 code [0x00007f9f1fcfa6a0, 0x00007f9f1fcfb140]

GC Heap History (20 events):
Event: 950.108 GC heap before
{Heap before GC invocations=659 (full 581):
 PSYoungGen      total 47616K, used 31342K [0x00000000f5580000, 0x00000000f9a80000, 0x0000000100000000)
  eden space 27136K, 100% used [0x00000000f5580000,0x00000000f7000000,0x00000000f7000000)
  from space 20480K, 20% used [0x00000000f8500000,0x00000000f891b928,0x00000000f9900000)
  to   space 21504K, 0% used [0x00000000f7000000,0x00000000f7000000,0x00000000f8500000)
 ParOldGen       total 349696K, used 349690K [0x00000000e0000000, 0x00000000f5580000, 0x00000000f5580000)
  object space 349696K, 99% used [0x00000000e0000000,0x00000000f557eb00,0x00000000f5580000)
 Metaspace       used 52805K, committed 53632K, reserved 1097728K
  class space    used 5331K, committed 5696K, reserved 1048576K
}
Event: 951.406 GC heap after
{Heap after GC invocations=659 (full 581):
 PSYoungGen      total 47616K, used 31342K [0x00000000f5580000, 0x00000000f9a80000, 0x0000000100000000)
  eden space 27136K, 99% used [0x00000000f5580000,0x00000000f6fffff0,0x00000000f7000000)
  from space 20480K, 20% used [0x00000000f8500000,0x00000000f891b928,0x00000000f9900000)
  to   space 21504K, 0% used [0x00000000f7000000,0x00000000f7000000,0x00000000f8500000)
 ParOldGen       total 349696K, used 349690K [0x00000000e0000000, 0x00000000f5580000, 0x00000000f5580000)
  object space 349696K, 99% used [0x00000000e0000000,0x00000000f557eb00,0x00000000f5580000)
 Metaspace       used 52805K, committed 53632K, reserved 1097728K
  class space    used 5331K, committed 5696K, reserved 1048576K
}
Event: 951.408 GC heap before
{Heap before GC invocations=660 (full 582):
 PSYoungGen      total 47616K, used 31342K [0x00000000f5580000, 0x00000000f9a80000, 0x0000000100000000)
  eden space 27136K, 100% used [0x00000000f5580000,0x00000000f7000000,0x00000000f7000000)
  from space 20480K, 20% used [0x00000000f8500000,0x00000000f891b928,0x00000000f9900000)
  to   space 21504K, 0% used [0x00000000f7000000,0x00000000f7000000,0x00000000f8500000)
 ParOldGen       total 349696K, used 349692K [0x00000000e0000000, 0x00000000f5580000, 0x00000000f5580000)
  object space 349696K, 99% used [0x00000000e0000000,0x00000000f557f3e8,0x00000000f5580000)
 Metaspace       used 52805K, committed 53632K, reserved 1097728K
  class space    used 5331K, committed 5696K, reserved 1048576K
}
Event: 952.688 GC heap after
{Heap after GC invocations=660 (full 582):
 PSYoungGen      total 47616K, used 31342K [0x00000000f5580000, 0x00000000f9a80000, 0x0000000100000000)
  eden space 27136K, 99% used [0x00000000f5580000,0x00000000f6fffff0,0x00000000f7000000)
  from space 20480K, 20% used [0x00000000f8500000,0x00000000f891b928,0x00000000f9900000)
  to   space 21504K, 0% used [0x00000000f7000000,0x00000000f7000000,0x00000000f8500000)
 ParOldGen       total 349696K, used 349691K [0x00000000e0000000, 0x00000000f5580000, 0x00000000f5580000)
  object space 349696K, 99% used [0x00000000e0000000,0x00000000f557ef90,0x00000000f5580000)
 Metaspace       used 52805K, committed 53632K, reserved 1097728K
  class space    used 5331K, committed 5696K, reserved 1048576K
}
Event: 952.689 GC heap before
{Heap before GC invocations=661 (full 583):
 PSYoungGen      total 47616K, used 31342K [0x00000000f5580000, 0x00000000f9a80000, 0x0000000100000000)
  eden space 27136K, 99% used [0x00000000f5580000,0x00000000f6fffff0,0x00000000f7000000)
  from space 20480K, 20% used [0x00000000f8500000,0x00000000f891b928,0x00000000f9900000)
  to   space 21504K, 0% used [0x00000000f7000000,0x00000000f7000000,0x00000000f8500000)
 ParOldGen       total 349696K, used 349694K [0x00000000e0000000, 0x00000000f5580000, 0x00000000f5580000)
  object space 349696K, 99% used [0x00000000e0000000,0x00000000f557fae0,0x00000000f5580000)
 Metaspace       used 52805K, committed 53632K, reserved 1097728K
  class space    used 5331K, committed 5696K, reserved 1048576K
}
Event: 954.078 GC heap after
{Heap after GC invocations=661 (full 583):
 PSYoungGen      total 47616K, used 31341K [0x00000000f5580000, 0x00000000f9a80000, 0x0000000100000000)
  eden space 27136K, 99% used [0x00000000f5580000,0x00000000f6ffff00,0x00000000f7000000)
  from space 20480K, 20% used [0x00000000f8500000,0x00000000f891b880,0x00000000f9900000)
  to   space 21504K, 0% used [0x00000000f7000000,0x00000000f7000000,0x00000000f8500000)
 ParOldGen       total 349696K, used 349694K [0x00000000e0000000, 0x00000000f5580000, 0x00000000f5580000)
  object space 349696K, 99% used [0x00000000e0000000,0x00000000f557f9b8,0x00000000f5580000)
 Metaspace       used 52805K, committed 53632K, reserved 1097728K
  class space    used 5331K, committed 5696K, reserved 1048576K
}
Event: 954.079 GC heap before
{Heap before GC invocations=662 (full 584):
 PSYoungGen      total 47616K, used 31342K [0x00000000f5580000, 0x00000000f9a80000, 0x0000000100000000)
  eden space 27136K, 99% used [0x00000000f5580000,0x00000000f6fffff0,0x00000000f7000000)
  from space 20480K, 20% used [0x00000000f8500000,0x00000000f891b880,0x00000000f9900000)
  to   space 21504K, 0% used [0x00000000f7000000,0x00000000f7000000,0x00000000f8500000)
 ParOldGen       total 349696K, used 349694K [0x00000000e0000000, 0x00000000f5580000, 0x00000000f5580000)
  object space 349696K, 99% used [0x00000000e0000000,0x00000000f557f9b8,0x00000000f5580000)
 Metaspace       used 52805K, committed 53632K, reserved 1097728K
  class space    used 5331K, committed 5696K, reserved 1048576K
}
Event: 955.336 GC heap after
{Heap after GC invocations=662 (full 584):
 PSYoungGen      total 47616K, used 31342K [0x00000000f5580000, 0x00000000f9a80000, 0x0000000100000000)
  eden space 27136K, 99% used [0x00000000f5580000,0x00000000f6fffff0,0x00000000f7000000)
  from space 20480K, 20% used [0x00000000f8500000,0x00000000f891b880,0x00000000f9900000)
  to   space 21504K, 0% used [0x00000000f7000000,0x00000000f7000000,0x00000000f8500000)
 ParOldGen       total 349696K, used 349694K [0x00000000e0000000, 0x00000000f5580000, 0x00000000f5580000)
  object space 349696K, 99% used [0x00000000e0000000,0x00000000f557f9b8,0x00000000f5580000)
 Metaspace       used 52805K, committed 53632K, reserved 1097728K
  class space    used 5331K, committed 5696K, reserved 1048576K
}
Event: 955.337 GC heap before
{Heap before GC invocations=663 (full 585):
 PSYoungGen      total 47616K, used 31342K [0x00000000f5580000, 0x00000000f9a80000, 0x0000000100000000)
  eden space 27136K, 100% used [0x00000000f5580000,0x00000000f7000000,0x00000000f7000000)
  from space 20480K, 20% used [0x00000000f8500000,0x00000000f891b880,0x00000000f9900000)
  to   space 21504K, 0% used [0x00000000f7000000,0x00000000f7000000,0x00000000f8500000)
 ParOldGen       total 349696K, used 349695K [0x00000000e0000000, 0x00000000f5580000, 0x00000000f5580000)
  object space 349696K, 99% used [0x00000000e0000000,0x00000000f557ffd0,0x00000000f5580000)
 Metaspace       used 52806K, committed 53632K, reserved 1097728K
  class space    used 5331K, committed 5696K, reserved 1048576K
}
Event: 956.810 GC heap after
{Heap after GC invocations=663 (full 585):
 PSYoungGen      total 47616K, used 31342K [0x00000000f5580000, 0x00000000f9a80000, 0x0000000100000000)
  eden space 27136K, 99% used [0x00000000f5580000,0x00000000f6ffffc8,0x00000000f7000000)
  from space 20480K, 20% used [0x00000000f8500000,0x00000000f891b880,0x00000000f9900000)
  to   space 21504K, 0% used [0x00000000f7000000,0x00000000f7000000,0x00000000f8500000)
 ParOldGen       total 349696K, used 349693K [0x00000000e0000000, 0x00000000f5580000, 0x00000000f5580000)
  object space 349696K, 99% used [0x00000000e0000000,0x00000000f557f7d0,0x00000000f5580000)
 Metaspace       used 52806K, committed 53632K, reserved 1097728K
  class space    used 5331K, committed 5696K, reserved 1048576K
}
Event: 956.810 GC heap before
{Heap before GC invocations=664 (full 586):
 PSYoungGen      total 47616K, used 31342K [0x00000000f5580000, 0x00000000f9a80000, 0x0000000100000000)
  eden space 27136K, 100% used [0x00000000f5580000,0x00000000f7000000,0x00000000f7000000)
  from space 20480K, 20% used [0x00000000f8500000,0x00000000f891b880,0x00000000f9900000)
  to   space 21504K, 0% used [0x00000000f7000000,0x00000000f7000000,0x00000000f8500000)
 ParOldGen       total 349696K, used 349693K [0x00000000e0000000, 0x00000000f5580000, 0x00000000f5580000)
  object space 349696K, 99% used [0x00000000e0000000,0x00000000f557f7d0,0x00000000f5580000)
 Metaspace       used 52806K, committed 53632K, reserved 1097728K
  class space    used 5331K, committed 5696K, reserved 1048576K
}
Event: 957.980 GC heap after
{Heap after GC invocations=664 (full 586):
 PSYoungGen      total 47616K, used 31342K [0x00000000f5580000, 0x00000000f9a80000, 0x0000000100000000)
  eden space 27136K, 100% used [0x00000000f5580000,0x00000000f7000000,0x00000000f7000000)
  from space 20480K, 20% used [0x00000000f8500000,0x00000000f891b880,0x00000000f9900000)
  to   space 21504K, 0% used [0x00000000f7000000,0x00000000f7000000,0x00000000f8500000)
 ParOldGen       total 349696K, used 349693K [0x00000000e0000000, 0x00000000f5580000, 0x00000000f5580000)
  object space 349696K, 99% used [0x00000000e0000000,0x00000000f557f7b0,0x00000000f5580000)
 Metaspace       used 52806K, committed 53632K, reserved 1097728K
  class space    used 5331K, committed 5696K, reserved 1048576K
}
Event: 957.980 GC heap before
{Heap before GC invocations=665 (full 587):
 PSYoungGen      total 47616K, used 31342K [0x00000000f5580000, 0x00000000f9a80000, 0x0000000100000000)
  eden space 27136K, 100% used [0x00000000f5580000,0x00000000f7000000,0x00000000f7000000)
  from space 20480K, 20% used [0x00000000f8500000,0x00000000f891b880,0x00000000f9900000)
  to   space 21504K, 0% used [0x00000000f7000000,0x00000000f7000000,0x00000000f8500000)
 ParOldGen       total 349696K, used 349694K [0x00000000e0000000, 0x00000000f5580000, 0x00000000f5580000)
  object space 349696K, 99% used [0x00000000e0000000,0x00000000f557f900,0x00000000f5580000)
 Metaspace       used 52806K, committed 53632K, reserved 1097728K
  class space    used 5331K, committed 5696K, reserved 1048576K
}
Event: 959.300 GC heap after
{Heap after GC invocations=665 (full 587):
 PSYoungGen      total 47616K, used 31342K [0x00000000f5580000, 0x00000000f9a80000, 0x0000000100000000)
  eden space 27136K, 100% used [0x00000000f5580000,0x00000000f7000000,0x00000000f7000000)
  from space 20480K, 20% used [0x00000000f8500000,0x00000000f891b880,0x00000000f9900000)
  to   space 21504K, 0% used [0x00000000f7000000,0x00000000f7000000,0x00000000f8500000)
 ParOldGen       total 349696K, used 349694K [0x00000000e0000000, 0x00000000f5580000, 0x00000000f5580000)
  object space 349696K, 99% used [0x00000000e0000000,0x00000000f557f8b0,0x00000000f5580000)
 Metaspace       used 52806K, committed 53632K, reserved 1097728K
  class space    used 5331K, committed 5696K, reserved 1048576K
}
Event: 959.300 GC heap before
{Heap before GC invocations=666 (full 588):
 PSYoungGen      total 47616K, used 31342K [0x00000000f5580000, 0x00000000f9a80000, 0x0000000100000000)
  eden space 27136K, 100% used [0x00000000f5580000,0x00000000f7000000,0x00000000f7000000)
  from space 20480K, 20% used [0x00000000f8500000,0x00000000f891b880,0x00000000f9900000)
  to   space 21504K, 0% used [0x00000000f7000000,0x00000000f7000000,0x00000000f8500000)
 ParOldGen       total 349696K, used 349694K [0x00000000e0000000, 0x00000000f5580000, 0x00000000f5580000)
  object space 349696K, 99% used [0x00000000e0000000,0x00000000f557f8b0,0x00000000f5580000)
 Metaspace       used 52806K, committed 53632K, reserved 1097728K
  class space    used 5331K, committed 5696K, reserved 1048576K
}
Event: 960.552 GC heap after
{Heap after GC invocations=666 (full 588):
 PSYoungGen      total 47616K, used 31342K [0x00000000f5580000, 0x00000000f9a80000, 0x0000000100000000)
  eden space 27136K, 100% used [0x00000000f5580000,0x00000000f7000000,0x00000000f7000000)
  from space 20480K, 20% used [0x00000000f8500000,0x00000000f891b880,0x00000000f9900000)
  to   space 21504K, 0% used [0x00000000f7000000,0x00000000f7000000,0x00000000f8500000)
 ParOldGen       total 349696K, used 349693K [0x00000000e0000000, 0x00000000f5580000, 0x00000000f5580000)
  object space 349696K, 99% used [0x00000000e0000000,0x00000000f557f560,0x00000000f5580000)
 Metaspace       used 52806K, committed 53632K, reserved 1097728K
  class space    used 5331K, committed 5696K, reserved 1048576K
}
Event: 960.557 GC heap before
{Heap before GC invocations=667 (full 589):
 PSYoungGen      total 47616K, used 31342K [0x00000000f5580000, 0x00000000f9a80000, 0x0000000100000000)
  eden space 27136K, 100% used [0x00000000f5580000,0x00000000f7000000,0x00000000f7000000)
  from space 20480K, 20% used [0x00000000f8500000,0x00000000f891b880,0x00000000f9900000)
  to   space 21504K, 0% used [0x00000000f7000000,0x00000000f7000000,0x00000000f8500000)
 ParOldGen       total 349696K, used 349693K [0x00000000e0000000, 0x00000000f5580000, 0x00000000f5580000)
  object space 349696K, 99% used [0x00000000e0000000,0x00000000f557f560,0x00000000f5580000)
 Metaspace       used 52809K, committed 53632K, reserved 1097728K
  class space    used 5331K, committed 5696K, reserved 1048576K
}
Event: 961.857 GC heap after
{Heap after GC invocations=667 (full 589):
 PSYoungGen      total 47616K, used 31342K [0x00000000f5580000, 0x00000000f9a80000, 0x0000000100000000)
  eden space 27136K, 100% used [0x00000000f5580000,0x00000000f7000000,0x00000000f7000000)
  from space 20480K, 20% used [0x00000000f8500000,0x00000000f891b880,0x00000000f9900000)
  to   space 21504K, 0% used [0x00000000f7000000,0x00000000f7000000,0x00000000f8500000)
 ParOldGen       total 349696K, used 349693K [0x00000000e0000000, 0x00000000f5580000, 0x00000000f5580000)
  object space 349696K, 99% used [0x00000000e0000000,0x00000000f557f540,0x00000000f5580000)
 Metaspace       used 52809K, committed 53632K, reserved 1097728K
  class space    used 5331K, committed 5696K, reserved 1048576K
}
Event: 961.857 GC heap before
{Heap before GC invocations=668 (full 590):
 PSYoungGen      total 47616K, used 31342K [0x00000000f5580000, 0x00000000f9a80000, 0x0000000100000000)
  eden space 27136K, 100% used [0x00000000f5580000,0x00000000f7000000,0x00000000f7000000)
  from space 20480K, 20% used [0x00000000f8500000,0x00000000f891b880,0x00000000f9900000)
  to   space 21504K, 0% used [0x00000000f7000000,0x00000000f7000000,0x00000000f8500000)
 ParOldGen       total 349696K, used 349693K [0x00000000e0000000, 0x00000000f5580000, 0x00000000f5580000)
  object space 349696K, 99% used [0x00000000e0000000,0x00000000f557f540,0x00000000f5580000)
 Metaspace       used 52809K, committed 53632K, reserved 1097728K
  class space    used 5331K, committed 5696K, reserved 1048576K
}
Event: 963.077 GC heap after
{Heap after GC invocations=668 (full 590):
 PSYoungGen      total 47616K, used 31342K [0x00000000f5580000, 0x00000000f9a80000, 0x0000000100000000)
  eden space 27136K, 100% used [0x00000000f5580000,0x00000000f7000000,0x00000000f7000000)
  from space 20480K, 20% used [0x00000000f8500000,0x00000000f891b880,0x00000000f9900000)
  to   space 21504K, 0% used [0x00000000f7000000,0x00000000f7000000,0x00000000f8500000)
 ParOldGen       total 349696K, used 349693K [0x00000000e0000000, 0x00000000f5580000, 0x00000000f5580000)
  object space 349696K, 99% used [0x00000000e0000000,0x00000000f557f540,0x00000000f5580000)
 Metaspace       used 52809K, committed 53632K, reserved 1097728K
  class space    used 5331K, committed 5696K, reserved 1048576K
}

Dll operation events (9 events):
Event: 0.002 Loaded shared library /nix/store/gpxl5qgg8kicmcvivwmybwjlpf7wh20l-graalvm17-ce-22.3.0/lib/libjava.so
Event: 0.010 Loaded shared library /nix/store/gpxl5qgg8kicmcvivwmybwjlpf7wh20l-graalvm17-ce-22.3.0/lib/libjsvml.so
Event: 0.175 Loaded shared library /nix/store/gpxl5qgg8kicmcvivwmybwjlpf7wh20l-graalvm17-ce-22.3.0/lib/libnio.so
Event: 0.179 Loaded shared library /nix/store/gpxl5qgg8kicmcvivwmybwjlpf7wh20l-graalvm17-ce-22.3.0/lib/libzip.so
Event: 0.182 Loaded shared library /nix/store/gpxl5qgg8kicmcvivwmybwjlpf7wh20l-graalvm17-ce-22.3.0/lib/libjvmcicompiler.so
Event: 0.563 Loaded shared library /nix/store/gpxl5qgg8kicmcvivwmybwjlpf7wh20l-graalvm17-ce-22.3.0/lib/libjimage.so
Event: 1.058 Loaded shared library /nix/store/gpxl5qgg8kicmcvivwmybwjlpf7wh20l-graalvm17-ce-22.3.0/lib/libnet.so
Event: 4.457 Loaded shared library /home/runner/.cache/jdt-language-server/config/org.eclipse.equinox.launcher/org.eclipse.equinox.launcher.gtk.linux.x86_64_1.2.400.v20211117-0650/eclipse_11600.so
Event: 12.758 Loaded shared library /nix/store/gpxl5qgg8kicmcvivwmybwjlpf7wh20l-graalvm17-ce-22.3.0/lib/libextnet.so

Deoptimization events (20 events):
Event: 239.036 Thread 0x00007f9f383de7c0 DEOPT PACKING pc=0x00007f9f1fddf73e sp=0x00007f9ee49fdba0
Event: 239.036 Thread 0x00007f9f383de7c0 DEOPT UNPACKING pc=0x00007f9f1f505325 sp=0x00007f9ee49fd0a8 mode 0
Event: 481.858 Thread 0x00007f9ea814f650 Uncommon trap: trap_request=0xffffffcd fr.pc=0x00007f9f27140df2 relative=0x00000000000000f2
Event: 481.858 Thread 0x00007f9ea814f650 Uncommon trap: reason=intrinsic_or_type_checked_inlining action=reinterpret pc=0x00007f9f27140df2 method=org.eclipse.jdt.internal.core.JavaElement.setParent(Lorg/eclipse/jdt/internal/core/JavaElement;)V @ 0 jvmci
Event: 481.858 Thread 0x00007f9ea814f650 DEOPT PACKING pc=0x00007f9f27140df2 sp=0x00007f9ee51fdb50
Event: 481.858 Thread 0x00007f9ea814f650 DEOPT UNPACKING pc=0x00007f9f1f505325 sp=0x00007f9ee51fcfe8 mode 3
Event: 901.994 Thread 0x00007f9ea813a390 Uncommon trap: trap_request=0xffffffed fr.pc=0x00007f9f26fbac63 relative=0x00000000000004c3
Event: 901.994 Thread 0x00007f9ea813a390 Uncommon trap: reason=null_assert_or_unreached0 action=reinterpret pc=0x00007f9f26fbac63 method=java.util.concurrent.ConcurrentHashMap.get(Ljava/lang/Object;)Ljava/lang/Object; @ 152 jvmci
Event: 901.994 Thread 0x00007f9ea813a390 DEOPT PACKING pc=0x00007f9f26fbac63 sp=0x00007f9ee59fca90
Event: 901.994 Thread 0x00007f9ea813a390 DEOPT UNPACKING pc=0x00007f9f1f505325 sp=0x00007f9ee59fbf28 mode 3
Event: 901.994 Thread 0x00007f9ea813a390 Uncommon trap: trap_request=0xffffffed fr.pc=0x00007f9f270b3d77 relative=0x0000000000000dd7
Event: 901.994 Thread 0x00007f9ea813a390 Uncommon trap: reason=null_assert_or_unreached0 action=reinterpret pc=0x00007f9f270b3d77 method=java.util.concurrent.ConcurrentHashMap.putVal(Ljava/lang/Object;Ljava/lang/Object;Z)Ljava/lang/Object; @ 245 jvmci
Event: 901.994 Thread 0x00007f9ea813a390 DEOPT PACKING pc=0x00007f9f270b3d77 sp=0x00007f9ee59fc9d0
Event: 901.994 Thread 0x00007f9ea813a390 DEOPT UNPACKING pc=0x00007f9f1f505325 sp=0x00007f9ee59fbe38 mode 3
Event: 955.337 Thread 0x00007f9ea813a390 DEOPT PACKING pc=0x00007f9f270b0550 sp=0x00007f9ee59fdcb0
Event: 955.337 Thread 0x00007f9ea813a390 DEOPT UNPACKING pc=0x00007f9f1f505325 sp=0x00007f9ee59fd148 mode 1
Event: 960.557 Thread 0x00007f9f380b21e0 Uncommon trap: trap_request=0xffffff8f fr.pc=0x00007f9f2704851b relative=0x000000000000017b
Event: 960.557 Thread 0x00007f9f380b21e0 Uncommon trap: reason=constraint action=none pc=0x00007f9f2704851b method=java.io.ByteArrayOutputStream.<init>(I)V @ 0 jvmci
Event: 960.557 Thread 0x00007f9f380b21e0 DEOPT PACKING pc=0x00007f9f2704851b sp=0x00007f9f1e018020
Event: 960.557 Thread 0x00007f9f380b21e0 DEOPT UNPACKING pc=0x00007f9f1f505325 sp=0x00007f9f1e0174c8 mode 3

Classes unloaded (20 events):
Event: 62.255 Thread 0x00007f9f380a1c10 Unloading class 0x0000000800eec000 'jdk/internal/reflect/GeneratedConstructorAccessor8'
Event: 62.255 Thread 0x00007f9f380a1c10 Unloading class 0x0000000800d99000 'java/lang/invoke/LambdaForm$MH+0x0000000800d99000'
Event: 62.255 Thread 0x00007f9f380a1c10 Unloading class 0x0000000800d98c00 'java/lang/invoke/LambdaForm$MH+0x0000000800d98c00'
Event: 62.255 Thread 0x00007f9f380a1c10 Unloading class 0x0000000800d98800 'java/lang/invoke/LambdaForm$MH+0x0000000800d98800'
Event: 62.255 Thread 0x00007f9f380a1c10 Unloading class 0x0000000800d98400 'java/lang/invoke/LambdaForm$MH+0x0000000800d98400'
Event: 62.255 Thread 0x00007f9f380a1c10 Unloading class 0x0000000800d98000 'jdk/internal/reflect/GeneratedConstructorAccessor3'
Event: 62.255 Thread 0x00007f9f380a1c10 Unloading class 0x0000000800d0a800 'java/lang/invoke/LambdaForm$MH+0x0000000800d0a800'
Event: 62.255 Thread 0x00007f9f380a1c10 Unloading class 0x0000000800d0a000 'java/lang/invoke/LambdaForm$MH+0x0000000800d0a000'
Event: 62.255 Thread 0x00007f9f380a1c10 Unloading class 0x0000000800d09c00 'java/lang/invoke/LambdaForm$MH+0x0000000800d09c00'
Event: 62.255 Thread 0x00007f9f380a1c10 Unloading class 0x0000000800d09800 'java/lang/invoke/LambdaForm$MH+0x0000000800d09800'
Event: 62.255 Thread 0x00007f9f380a1c10 Unloading class 0x0000000800d09000 'java/lang/invoke/LambdaForm$MH+0x0000000800d09000'
Event: 62.255 Thread 0x00007f9f380a1c10 Unloading class 0x0000000800d08c00 'java/lang/invoke/LambdaForm$MH+0x0000000800d08c00'
Event: 62.255 Thread 0x00007f9f380a1c10 Unloading class 0x0000000800d08800 'java/lang/invoke/LambdaForm$MH+0x0000000800d08800'
Event: 62.255 Thread 0x00007f9f380a1c10 Unloading class 0x0000000800d08000 'java/lang/invoke/LambdaForm$MH+0x0000000800d08000'
Event: 62.255 Thread 0x00007f9f380a1c10 Unloading class 0x0000000800c1d000 'jdk/internal/reflect/GeneratedMethodAccessor5'
Event: 62.255 Thread 0x00007f9f380a1c10 Unloading class 0x0000000800c1cc00 'jdk/internal/reflect/GeneratedMethodAccessor4'
Event: 62.255 Thread 0x00007f9f380a1c10 Unloading class 0x0000000800c1c800 'jdk/internal/reflect/GeneratedMethodAccessor3'
Event: 62.255 Thread 0x00007f9f380a1c10 Unloading class 0x0000000800c1c400 'jdk/internal/reflect/GeneratedMethodAccessor2'
Event: 62.255 Thread 0x00007f9f380a1c10 Unloading class 0x0000000800c1c000 'jdk/internal/reflect/GeneratedMethodAccessor1'
Event: 62.255 Thread 0x00007f9f380a1c10 Unloading class 0x0000000800c01c00 'java/lang/invoke/LambdaForm$DMH+0x0000000800c01c00'

Classes redefined (0 events):
No events

Internal exceptions (20 events):
Event: 27.281 Thread 0x00007f9ec0009130 Exception <a 'sun/nio/fs/UnixException'{0x00000000f65360b0}> (0x00000000f65360b0) 
thrown [src/hotspot/share/prims/jni.cpp, line 516]
Event: 27.282 Thread 0x00007f9ec0009130 Exception <a 'sun/nio/fs/UnixException'{0x00000000f6536f08}> (0x00000000f6536f08) 
thrown [src/hotspot/share/prims/jni.cpp, line 516]
Event: 27.283 Thread 0x00007f9ec0009130 Exception <a 'sun/nio/fs/UnixException'{0x00000000f6602970}> (0x00000000f6602970) 
thrown [src/hotspot/share/prims/jni.cpp, line 516]
Event: 27.374 Thread 0x00007f9ec0009130 Implicit null exception at 0x00007f9f270e69e9 to 0x00007f9f270e6b9b
Event: 27.468 Thread 0x00007f9ec0009130 Exception <a 'java/lang/NoSuchMethodError'{0x00000000f594b8e8}: 'int java.lang.invoke.DirectMethodHandle$Holder.invokeVirtual(java.lang.Object, java.lang.Object, java.lang.Object)'> (0x00000000f594b8e8) 
thrown [src/hotspot/share/interpreter/linkResolver.cpp, line 758]
Event: 27.961 Thread 0x00007f9ec0009130 Exception <a 'sun/nio/fs/UnixException'{0x00000000f6699ac8}> (0x00000000f6699ac8) 
thrown [src/hotspot/share/prims/jni.cpp, line 516]
Event: 28.562 Thread 0x00007f9ea814dd90 Exception <a 'java/lang/NoSuchMethodError'{0x00000000f584ce58}: 'int java.lang.invoke.DirectMethodHandle$Holder.invokeStatic(java.lang.Object, java.lang.Object, java.lang.Object, int)'> (0x00000000f584ce58) 
thrown [src/hotspot/share/interpreter/linkResolver.cpp, line 758]
Event: 29.863 Thread 0x00007f9ea814dd90 Exception <a 'java/lang/NoSuchMethodError'{0x00000000f5670cb0}: 'java.lang.Object java.lang.invoke.DirectMethodHandle$Holder.invokeStatic(java.lang.Object, int, java.lang.Object, java.lang.Object, java.lang.Object, java.lang.Object)'> (0x00000000f5670cb0) 
thrown [src/hotspot/share/interpreter/linkResolver.cpp, line 758]
Event: 30.259 Thread 0x00007f9ea814dd90 Exception <a 'java/lang/NoSuchMethodError'{0x00000000f6601c20}: 'void java.lang.invoke.DirectMethodHandle$Holder.invokeSpecial(java.lang.Object, java.lang.Object, int)'> (0x00000000f6601c20) 
thrown [src/hotspot/share/interpreter/linkResolver.cpp, line 758]
Event: 31.774 Thread 0x00007f9ea814dd90 Exception <a 'java/lang/NoSuchMethodError'{0x00000000f604e3e0}: 'int java.lang.invoke.DirectMethodHandle$Holder.invokeSpecialIFC(java.lang.Object, java.lang.Object, java.lang.Object, java.lang.Object)'> (0x00000000f604e3e0) 
thrown [src/hotspot/share/interpreter/linkResolver.cpp, line 758]
Event: 210.361 Thread 0x00007f9f380b21e0 Implicit null exception at 0x00007f9f2719ba83 to 0x00007f9f2719c1fd
Event: 727.764 Thread 0x00007f9ea813a390 Exception <a 'java/lang/OutOfMemoryError'{0x00000000e0003d80}> (0x00000000e0003d80) 
thrown [src/hotspot/share/gc/shared/memAllocator.cpp, line 136]
Event: 900.683 Thread 0x00007f9f383de7c0 Exception <a 'java/lang/OutOfMemoryError'{0x00000000e0004050}> (0x00000000e0004050) 
thrown [src/hotspot/share/gc/shared/memAllocator.cpp, line 136]
Event: 901.994 Thread 0x00007f9f383de7c0 Exception <a 'java/lang/reflect/InvocationTargetException'{0x00000000f557d048}> (0x00000000f557d048) 
thrown [src/hotspot/share/runtime/reflection.cpp, line 1119]
Event: 921.374 Thread 0x00007f9ea813a390 Exception <a 'java/lang/OutOfMemoryError'{0x00000000e0004640}> (0x00000000e0004640) 
thrown [src/hotspot/share/gc/shared/memAllocator.cpp, line 136]
Event: 955.337 Thread 0x00007f9ea813a390 Exception <a 'java/lang/reflect/InvocationTargetException'{0x00000000f6fffe18}> (0x00000000f6fffe18) 
thrown [src/hotspot/share/runtime/reflection.cpp, line 1119]
Event: 955.337 Thread 0x00007f9ea813a390 Exception <a 'java/lang/OutOfMemoryError'{0x00000000e0004640}> (0x00000000e0004640) 
thrown [src/hotspot/share/prims/jni.cpp, line 516]
Event: 960.557 Thread 0x00007f9f380b21e0 Exception <a 'java/lang/OutOfMemoryError'{0x00000000e0004320}> (0x00000000e0004320) 
thrown [src/hotspot/share/gc/shared/memAllocator.cpp, line 138]
Event: 960.557 Thread 0x00007f9f380b21e0 Implicit null exception at 0x00007f9f270484d1 to 0x00007f9f27048500
Event: 963.077 Thread 0x00007f9f380b21e0 Exception <a 'java/lang/OutOfMemoryError'{0x00000000e0004640}> (0x00000000e0004640) 
thrown [src/hotspot/share/gc/shared/memAllocator.cpp, line 136]

VM Operations (20 events):
Event: 947.476 Executing VM operation: ParallelGCFailedAllocation
Event: 948.704 Executing VM operation: ParallelGCFailedAllocation done
Event: 948.705 Executing VM operation: ParallelGCFailedAllocation
Event: 950.105 Executing VM operation: ParallelGCFailedAllocation done
Event: 950.107 Executing VM operation: ParallelGCFailedAllocation
Event: 951.406 Executing VM operation: ParallelGCFailedAllocation done
Event: 951.407 Executing VM operation: ParallelGCFailedAllocation
Event: 952.688 Executing VM operation: ParallelGCFailedAllocation done
Event: 952.689 Executing VM operation: ParallelGCFailedAllocation
Event: 954.078 Executing VM operation: ParallelGCFailedAllocation done
Event: 954.078 Executing VM operation: ParallelGCFailedAllocation
Event: 955.336 Executing VM operation: ParallelGCFailedAllocation done
Event: 955.337 Executing VM operation: ParallelGCFailedAllocation
Event: 956.810 Executing VM operation: ParallelGCFailedAllocation done
Event: 956.810 Executing VM operation: ParallelGCFailedAllocation
Event: 957.980 Executing VM operation: ParallelGCFailedAllocation done
Event: 957.980 Executing VM operation: ParallelGCFailedAllocation
Event: 960.553 Executing VM operation: ParallelGCFailedAllocation done
Event: 960.557 Executing VM operation: ParallelGCFailedAllocation
Event: 963.077 Executing VM operation: ParallelGCFailedAllocation done

Events (20 events):
Event: 786.048 loading class java/util/logging/ConsoleHandler done
Event: 794.714 loading class java/util/logging/SimpleFormatter
Event: 794.714 loading class java/util/logging/Formatter
Event: 817.101 loading class java/util/logging/Formatter done
Event: 817.101 loading class java/util/logging/SimpleFormatter done
Event: 843.988 loading class jdk/internal/logger/SurrogateLogger
Event: 843.988 loading class jdk/internal/logger/SimpleConsoleLogger
Event: 865.110 loading class jdk/internal/logger/SimpleConsoleLogger done
Event: 865.110 loading class jdk/internal/logger/SurrogateLogger done
Event: 871.598 loading class jdk/internal/logger/SimpleConsoleLogger$Formatting
Event: 871.598 loading class jdk/internal/logger/SimpleConsoleLogger$Formatting done
Event: 871.598 loading class java/util/logging/ErrorManager
Event: 871.598 loading class java/util/logging/ErrorManager done
Event: 873.964 Thread 0x00007f9ea8153cd0 Thread added: 0x00007f9ea8153cd0
Event: 873.964 Protecting memory [0x00007f9ee4300000,0x00007f9ee4304000] with protection modes 0
Event: 890.719 Thread 0x00007f9ea814fbd0 Thread exited: 0x00007f9ea814fbd0
Event: 901.994 loading class java/util/logging/Handler$1
Event: 903.264 loading class java/util/logging/Handler$1 done
Event: 910.968 loading class java/util/logging/StreamHandler$1
Event: 916.172 loading class java/util/logging/StreamHandler$1 done


Dynamic libraries:
e0000000-f5580000 rw-p 00000000 00:00 0 
f5580000-f9a80000 rw-p 00000000 00:00 0 
f9a80000-100000000 ---p 00000000 00:00 0 
800000000-800449000 rw-p 00001000 00:1745 4611686019135357769            /nix/store/gpxl5qgg8kicmcvivwmybwjlpf7wh20l-graalvm17-ce-22.3.0/lib/server/classes.jsa
800449000-800bc8000 r--p 0044a000 00:1745 4611686019135357769            /nix/store/gpxl5qgg8kicmcvivwmybwjlpf7wh20l-graalvm17-ce-22.3.0/lib/server/classes.jsa
800bc8000-800c00000 ---p 00000000 00:00 0 
800c00000-800c20000 rw-p 00000000 00:00 0 
800c20000-800c40000 rw-p 00000000 00:00 0 
800c40000-800cc0000 rw-p 00000000 00:00 0 
800cc0000-800d00000 rw-p 00000000 00:00 0 
800d00000-800dc0000 rw-p 00000000 00:00 0 
800dc0000-800e00000 rw-p 00000000 00:00 0 
800e00000-800f40000 rw-p 00000000 00:00 0 
800f40000-800fc0000 rw-p 00000000 00:00 0 
800fc0000-801000000 rw-p 00000000 00:00 0 
801000000-801190000 rw-p 00000000 00:00 0 
801190000-840c00000 ---p 00000000 00:00 0 
55f7b5129000-55f7b512a000 r-xp 00000000 00:1745 4611686019099417844      /nix/store/gpxl5qgg8kicmcvivwmybwjlpf7wh20l-graalvm17-ce-22.3.0/bin/.java-wrapped
55f7b512b000-55f7b512c000 r--p 00001000 00:1745 4611686019099417844      /nix/store/gpxl5qgg8kicmcvivwmybwjlpf7wh20l-graalvm17-ce-22.3.0/bin/.java-wrapped
55f7b512c000-55f7b512d000 rw-p 00002000 00:1745 4611686019099417844      /nix/store/gpxl5qgg8kicmcvivwmybwjlpf7wh20l-graalvm17-ce-22.3.0/bin/.java-wrapped
55f7b512d000-55f7b512e000 rw-p 00004000 00:1745 4611686019099417844      /nix/store/gpxl5qgg8kicmcvivwmybwjlpf7wh20l-graalvm17-ce-22.3.0/bin/.java-wrapped
55f7b512e000-55f7b512f000 rw-p 00005000 00:1745 4611686019099417844      /nix/store/gpxl5qgg8kicmcvivwmybwjlpf7wh20l-graalvm17-ce-22.3.0/bin/.java-wrapped
55f7b6b55000-55f7b6b9d000 rw-p 00000000 00:00 0                          [heap]
7f9e8c000000-7f9e8c05e000 rw-p 00000000 00:00 0 
7f9e8c05e000-7f9e90000000 ---p 00000000 00:00 0 
7f9e90c00000-7f9e911c0000 rw-p 00000000 00:00 0 
7f9e911c0000-7f9e91200000 rw-p 00000000 00:00 0 
7f9e91200000-7f9e912d0000 rw-p 00000000 00:00 0 
7f9e912d0000-7f9e91400000 ---p 00000000 00:00 0 
7f9e914b3000-7f9e9b000000 r--s 00000000 00:1745 4611686019135192581      /nix/store/gpxl5qgg8kicmcvivwmybwjlpf7wh20l-graalvm17-ce-22.3.0/lib/modules
7f9e9b000000-7f9e9b100000 rw-p 00000000 00:00 0 
7f9e9b100000-7f9e9b200000 rw-p 00000000 00:00 0 
7f9e9b200000-7f9e9b800000 rw-p 00000000 00:00 0 
7f9e9b800000-7f9e9b880000 rw-p 00000000 00:00 0 
7f9e9b880000-7f9e9b900000 rw-p 00000000 00:00 0 
7f9e9b900000-7f9e9bb00000 rw-p 00000000 00:00 0 
7f9e9bb00000-7f9e9bd00000 rw-p 00000000 00:00 0 
7f9e9bd00000-7f9e9be00000 rw-p 00000000 00:00 0 
7f9e9be00000-7f9e9c000000 rw-p 00000000 00:00 0 
7f9e9c000000-7f9e9c125000 rw-p 00000000 00:00 0 
7f9e9c125000-7f9ea0000000 ---p 00000000 00:00 0 
7f9ea0000000-7f9ea006c000 rw-p 00000000 00:00 0 
7f9ea006c000-7f9ea4000000 ---p 00000000 00:00 0 
7f9ea4000000-7f9ea4021000 rw-p 00000000 00:00 0 
7f9ea4021000-7f9ea8000000 ---p 00000000 00:00 0 
7f9ea8000000-7f9ea815d000 rw-p 00000000 00:00 0 
7f9ea815d000-7f9eac000000 ---p 00000000 00:00 0 
7f9eac000000-7f9eac063000 rw-p 00000000 00:00 0 
7f9eac063000-7f9eb0000000 ---p 00000000 00:00 0 
7f9eb0000000-7f9eb0021000 rw-p 00000000 00:00 0 
7f9eb0021000-7f9eb4000000 ---p 00000000 00:00 0 
7f9eb4000000-7f9eb405b000 rw-p 00000000 00:00 0 
7f9eb405b000-7f9eb8000000 ---p 00000000 00:00 0 
7f9eb8000000-7f9eb830d000 rw-p 00000000 00:00 0 
7f9eb830d000-7f9ebc000000 ---p 00000000 00:00 0 
7f9ebc000000-7f9ebc021000 rw-p 00000000 00:00 0 
7f9ebc021000-7f9ec0000000 ---p 00000000 00:00 0 
7f9ec0000000-7f9ec010a000 rw-p 00000000 00:00 0 
7f9ec010a000-7f9ec4000000 ---p 00000000 00:00 0 
7f9ec4000000-7f9ec4021000 rw-p 00000000 00:00 0 
7f9ec4021000-7f9ec8000000 ---p 00000000 00:00 0 
7f9ec8000000-7f9ec8177000 rw-p 00000000 00:00 0 
7f9ec8177000-7f9ecc000000 ---p 00000000 00:00 0 
7f9ecc000000-7f9ecc8c3000 rw-p 00000000 00:00 0 
7f9ecc8c3000-7f9ed0000000 ---p 00000000 00:00 0 
7f9ed0000000-7f9ed0025000 rw-p 00000000 00:00 0 
7f9ed0025000-7f9ed4000000 ---p 00000000 00:00 0 
7f9ed4000000-7f9ed4021000 rw-p 00000000 00:00 0 
7f9ed4021000-7f9ed8000000 ---p 00000000 00:00 0 
7f9ed8000000-7f9ed8021000 rw-p 00000000 00:00 0 
7f9ed8021000-7f9edc000000 ---p 00000000 00:00 0 
7f9edc000000-7f9edc021000 rw-p 00000000 00:00 0 
7f9edc021000-7f9ee0000000 ---p 00000000 00:00 0 
7f9ee0400000-7f9ee0500000 rw-p 00000000 00:00 0 
7f9ee0500000-7f9ee0600000 rw-p 00000000 00:00 0 
7f9ee0600000-7f9ee0b80000 rw-p 00000000 00:00 0 
7f9ee0b80000-7f9ee0c00000 rw-p 00000000 00:00 0 
7f9ee0c00000-7f9ee0d00000 rw-p 00000000 00:00 0 
7f9ee0d00000-7f9ee0e00000 rw-p 00000000 00:00 0 
7f9ee0e00000-7f9ee1100000 rw-p 00000000 00:00 0 
7f9ee1100000-7f9ee1200000 rw-p 00000000 00:00 0 
7f9ee1200000-7f9ee1400000 rw-p 00000000 00:00 0 
7f9ee1600000-7f9ee1610000 r-xp 00000000 00:1742 353                      /home/runner/.cache/jdt-language-server/config/org.eclipse.equinox.launcher/org.eclipse.equinox.launcher.gtk.linux.x86_64_1.2.400.v20211117-0650/eclipse_11600.so
7f9ee1610000-7f9ee180f000 ---p 00010000 00:1742 353                      /home/runner/.cache/jdt-language-server/config/org.eclipse.equinox.launcher/org.eclipse.equinox.launcher.gtk.linux.x86_64_1.2.400.v20211117-0650/eclipse_11600.so
7f9ee180f000-7f9ee1810000 r--p 0000f000 00:1742 353                      /home/runner/.cache/jdt-language-server/config/org.eclipse.equinox.launcher/org.eclipse.equinox.launcher.gtk.linux.x86_64_1.2.400.v20211117-0650/eclipse_11600.so
7f9ee1810000-7f9ee1811000 rw-p 00010000 00:1742 353                      /home/runner/.cache/jdt-language-server/config/org.eclipse.equinox.launcher/org.eclipse.equinox.launcher.gtk.linux.x86_64_1.2.400.v20211117-0650/eclipse_11600.so
7f9ee3100000-7f9ee3200000 ---p 00000000 00:00 0 
7f9ee3200000-7f9ee37af000 r--p 01122000 00:1745 4611686019135190040      /nix/store/gpxl5qgg8kicmcvivwmybwjlpf7wh20l-graalvm17-ce-22.3.0/lib/libjvmcicompiler.so
7f9ee37af000-7f9ee3900000 r--p 00000000 00:00 0 
7f9ee3900000-7f9ee393d000 rw-p 00000000 00:00 0 
7f9ee393d000-7f9ee3e5d000 rw-p 0185f000 00:1745 4611686019135190040      /nix/store/gpxl5qgg8kicmcvivwmybwjlpf7wh20l-graalvm17-ce-22.3.0/lib/libjvmcicompiler.so
7f9ee3e5d000-7f9ee4244000 r--p 01d7f000 00:1745 4611686019135190040      /nix/store/gpxl5qgg8kicmcvivwmybwjlpf7wh20l-graalvm17-ce-22.3.0/lib/libjvmcicompiler.so
7f9ee4300000-7f9ee4304000 ---p 00000000 00:00 0 
7f9ee4304000-7f9ee4400000 rw-p 00000000 00:00 0 
7f9ee4500000-7f9ee4504000 ---p 00000000 00:00 0 
7f9ee4504000-7f9ee4600000 rw-p 00000000 00:00 0 
7f9ee4700000-7f9ee4704000 ---p 00000000 00:00 0 
7f9ee4704000-7f9ee4800000 rw-p 00000000 00:00 0 
7f9ee4900000-7f9ee4904000 ---p 00000000 00:00 0 
7f9ee4904000-7f9ee4a00000 rw-p 00000000 00:00 0 
7f9ee4b00000-7f9ee4b04000 ---p 00000000 00:00 0 
7f9ee4b04000-7f9ee4c00000 rw-p 00000000 00:00 0 
7f9ee4d00000-7f9ee4d04000 ---p 00000000 00:00 0 
7f9ee4d04000-7f9ee4e00000 rw-p 00000000 00:00 0 
7f9ee4f00000-7f9ee4f04000 ---p 00000000 00:00 0 
7f9ee4f04000-7f9ee5000000 rw-p 00000000 00:00 0 
7f9ee5100000-7f9ee5104000 ---p 00000000 00:00 0 
7f9ee5104000-7f9ee5200000 rw-p 00000000 00:00 0 
7f9ee5300000-7f9ee5304000 ---p 00000000 00:00 0 
7f9ee5304000-7f9ee5400000 rw-p 00000000 00:00 0 
7f9ee5500000-7f9ee5504000 ---p 00000000 00:00 0 
7f9ee5504000-7f9ee5600000 rw-p 00000000 00:00 0 
7f9ee5700000-7f9ee5704000 ---p 00000000 00:00 0 
7f9ee5704000-7f9ee5800000 rw-p 00000000 00:00 0 
7f9ee5900000-7f9ee5904000 ---p 00000000 00:00 0 
7f9ee5904000-7f9ee5a00000 rw-p 00000000 00:00 0 
7f9ee5b00000-7f9ee5b04000 ---p 00000000 00:00 0 
7f9ee5b04000-7f9ee5c00000 rw-p 00000000 00:00 0 
7f9ee5c00000-7f9ee7d6a000 r-xp 00000000 00:1745 4611686019135190040      /nix/store/gpxl5qgg8kicmcvivwmybwjlpf7wh20l-graalvm17-ce-22.3.0/lib/libjvmcicompiler.so
7f9ee7d6a000-7f9ee7f69000 ---p 0216a000 00:1745 4611686019135190040      /nix/store/gpxl5qgg8kicmcvivwmybwjlpf7wh20l-graalvm17-ce-22.3.0/lib/libjvmcicompiler.so
7f9ee7f69000-7f9ee7f6a000 r--p 02169000 00:1745 4611686019135190040      /nix/store/gpxl5qgg8kicmcvivwmybwjlpf7wh20l-graalvm17-ce-22.3.0/lib/libjvmcicompiler.so
7f9ee7f6a000-7f9ee7f6c000 rw-p 0216a000 00:1745 4611686019135190040      /nix/store/gpxl5qgg8kicmcvivwmybwjlpf7wh20l-graalvm17-ce-22.3.0/lib/libjvmcicompiler.so
7f9ee7f6c000-7f9ee7f6d000 rw-p 00000000 00:00 0 
7f9ee7f6d000-7f9ee7f72000 rw-p 023c3000 00:1745 4611686019135190040      /nix/store/gpxl5qgg8kicmcvivwmybwjlpf7wh20l-graalvm17-ce-22.3.0/lib/libjvmcicompiler.so
7f9ee8000000-7f9ee8021000 rw-p 00000000 00:00 0 
7f9ee8021000-7f9eec000000 ---p 00000000 00:00 0 
7f9eec000000-7f9eec021000 rw-p 00000000 00:00 0 
7f9eec021000-7f9ef0000000 ---p 00000000 00:00 0 
7f9ef0000000-7f9ef0021000 rw-p 00000000 00:00 0 
7f9ef0021000-7f9ef4000000 ---p 00000000 00:00 0 
7f9ef4000000-7f9ef4021000 rw-p 00000000 00:00 0 
7f9ef4021000-7f9ef8000000 ---p 00000000 00:00 0 
7f9ef8000000-7f9ef80d3000 rw-p 00000000 00:00 0 
7f9ef80d3000-7f9efc000000 ---p 00000000 00:00 0 
7f9efc000000-7f9efc7b8000 rw-p 00000000 00:00 0 
7f9efc7b8000-7f9f00000000 ---p 00000000 00:00 0 
7f9f00000000-7f9f00021000 rw-p 00000000 00:00 0 
7f9f00021000-7f9f04000000 ---p 00000000 00:00 0 
7f9f04000000-7f9f04021000 rw-p 00000000 00:00 0 
7f9f04021000-7f9f08000000 ---p 00000000 00:00 0 
7f9f08000000-7f9f08021000 rw-p 00000000 00:00 0 
7f9f08021000-7f9f0c000000 ---p 00000000 00:00 0 
7f9f0c000000-7f9f0c021000 rw-p 00000000 00:00 0 
7f9f0c021000-7f9f10000000 ---p 00000000 00:00 0 
7f9f10000000-7f9f10021000 rw-p 00000000 00:00 0 
7f9f10021000-7f9f14000000 ---p 00000000 00:00 0 
7f9f14000000-7f9f14021000 rw-p 00000000 00:00 0 
7f9f14021000-7f9f18000000 ---p 00000000 00:00 0 
7f9f18000000-7f9f18067000 rw-p 00000000 00:00 0 
7f9f18067000-7f9f1c000000 ---p 00000000 00:00 0 
7f9f1c100000-7f9f1c104000 ---p 00000000 00:00 0 
7f9f1c104000-7f9f1c200000 rw-p 00000000 00:00 0 
7f9f1c200000-7f9f1c204000 ---p 00000000 00:00 0 
7f9f1c204000-7f9f1c300000 rw-p 00000000 00:00 0 
7f9f1c300000-7f9f1c304000 ---p 00000000 00:00 0 
7f9f1c304000-7f9f1c400000 rw-p 00000000 00:00 0 
7f9f1c500000-7f9f1c504000 ---p 00000000 00:00 0 
7f9f1c504000-7f9f1c600000 rw-p 00000000 00:00 0 
7f9f1d368000-7f9f1d800000 rw-p 00000000 00:00 0 
7f9f1d818000-7f9f1d819000 ---p 00000000 00:00 0 
7f9f1d819000-7f9f1d91a000 rw-p 00000000 00:00 0 
7f9f1d91a000-7f9f1d91e000 ---p 00000000 00:00 0 
7f9f1d91e000-7f9f1da1a000 rw-p 00000000 00:00 0 
7f9f1da1a000-7f9f1da1e000 ---p 00000000 00:00 0 
7f9f1da1e000-7f9f1db1a000 rw-p 00000000 00:00 0 
7f9f1db1a000-7f9f1db1e000 ---p 00000000 00:00 0 
7f9f1db1e000-7f9f1dc1a000 rw-p 00000000 00:00 0 
7f9f1dc1a000-7f9f1dc1e000 ---p 00000000 00:00 0 
7f9f1dc1e000-7f9f1de1a000 rw-p 00000000 00:00 0 
7f9f1de1a000-7f9f1de1e000 ---p 00000000 00:00 0 
7f9f1de1e000-7f9f1e01a000 rw-p 00000000 00:00 0 
7f9f1e01a000-7f9f1e01e000 ---p 00000000 00:00 0 
7f9f1e01e000-7f9f1e11a000 rw-p 00000000 00:00 0 
7f9f1e11a000-7f9f1e11e000 ---p 00000000 00:00 0 
7f9f1e11e000-7f9f1e21a000 rw-p 00000000 00:00 0 
7f9f1e21a000-7f9f1e21e000 ---p 00000000 00:00 0 
7f9f1e21e000-7f9f1e31a000 rw-p 00000000 00:00 0 
7f9f1e31a000-7f9f1e600000 r--p 00000000 00:1605 28444448                 /usr/lib/locale/locale-archive
7f9f1e600000-7f9f1e604000 ---p 00000000 00:00 0 
7f9f1e604000-7f9f1e700000 rw-p 00000000 00:00 0 
7f9f1e700000-7f9f1e704000 ---p 00000000 00:00 0 
7f9f1e704000-7f9f1ec00000 rw-p 00000000 00:00 0 
7f9f1ec00000-7f9f1ef00000 rw-p 00000000 00:00 0 
7f9f1ef00000-7f9f1f000000 rw-p 00000000 00:00 0 
7f9f1f09d000-7f9f1f09f000 r-xp 00000000 00:1745 4611686019135190017      /nix/store/gpxl5qgg8kicmcvivwmybwjlpf7wh20l-graalvm17-ce-22.3.0/lib/libextnet.so
7f9f1f09f000-7f9f1f0a0000 r--p 00001000 00:1745 4611686019135190017      /nix/store/gpxl5qgg8kicmcvivwmybwjlpf7wh20l-graalvm17-ce-22.3.0/lib/libextnet.so
7f9f1f0a0000-7f9f1f0a1000 rw-p 00002000 00:1745 4611686019135190017      /nix/store/gpxl5qgg8kicmcvivwmybwjlpf7wh20l-graalvm17-ce-22.3.0/lib/libextnet.so
7f9f1f0a1000-7f9f1f0a2000 rw-p 00004000 00:1745 4611686019135190017      /nix/store/gpxl5qgg8kicmcvivwmybwjlpf7wh20l-graalvm17-ce-22.3.0/lib/libextnet.so
7f9f1f0a2000-7f9f1f0a6000 ---p 00000000 00:00 0 
7f9f1f0a6000-7f9f1f0c4000 rw-p 00000000 00:00 0 
7f9f1f0c4000-7f9f1f0d9000 r-xp 00000000 00:1745 4611686019135192570      /nix/store/gpxl5qgg8kicmcvivwmybwjlpf7wh20l-graalvm17-ce-22.3.0/lib/libnet.so
7f9f1f0d9000-7f9f1f0da000 ---p 00015000 00:1745 4611686019135192570      /nix/store/gpxl5qgg8kicmcvivwmybwjlpf7wh20l-graalvm17-ce-22.3.0/lib/libnet.so
7f9f1f0da000-7f9f1f0db000 r--p 00015000 00:1745 4611686019135192570      /nix/store/gpxl5qgg8kicmcvivwmybwjlpf7wh20l-graalvm17-ce-22.3.0/lib/libnet.so
7f9f1f0db000-7f9f1f0dc000 rw-p 00016000 00:1745 4611686019135192570      /nix/store/gpxl5qgg8kicmcvivwmybwjlpf7wh20l-graalvm17-ce-22.3.0/lib/libnet.so
7f9f1f0dc000-7f9f1f0df000 rw-p 0001b000 00:1745 4611686019135192570      /nix/store/gpxl5qgg8kicmcvivwmybwjlpf7wh20l-graalvm17-ce-22.3.0/lib/libnet.so
7f9f1f0df000-7f9f1f0e0000 ---p 00000000 00:00 0 
7f9f1f0e0000-7f9f1f1e1000 rw-p 00000000 00:00 0 
7f9f1f1e1000-7f9f1f2af000 r-xp 00000000 00:1745 4611686019135190036      /nix/store/gpxl5qgg8kicmcvivwmybwjlpf7wh20l-graalvm17-ce-22.3.0/lib/libjsvml.so
7f9f1f2af000-7f9f1f2b0000 r--p 000cd000 00:1745 4611686019135190036      /nix/store/gpxl5qgg8kicmcvivwmybwjlpf7wh20l-graalvm17-ce-22.3.0/lib/libjsvml.so
7f9f1f2b0000-7f9f1f2b1000 rw-p 000ce000 00:1745 4611686019135190036      /nix/store/gpxl5qgg8kicmcvivwmybwjlpf7wh20l-graalvm17-ce-22.3.0/lib/libjsvml.so
7f9f1f2b1000-7f9f1f4b3000 rw-p 00000000 00:00 0 
7f9f1f4b3000-7f9f1f723000 rwxp 00000000 00:00 0 
7f9f1f723000-7f9f1fa42000 ---p 00000000 00:00 0 
7f9f1fa42000-7f9f20662000 rwxp 00000000 00:00 0 
7f9f20662000-7f9f26f7a000 ---p 00000000 00:00 0 
7f9f26f7a000-7f9f271ea000 rwxp 00000000 00:00 0 
7f9f271ea000-7f9f2e4b3000 ---p 00000000 00:00 0 
7f9f2e4b3000-7f9f38000000 r--s 00000000 00:1745 4611686019135192581      /nix/store/gpxl5qgg8kicmcvivwmybwjlpf7wh20l-graalvm17-ce-22.3.0/lib/modules
7f9f38000000-7f9f38614000 rw-p 00000000 00:00 0 
7f9f38614000-7f9f3c000000 ---p 00000000 00:00 0 
7f9f3c000000-7f9f3c007000 r-xp 00000000 00:1745 4611686019135192580      /nix/store/gpxl5qgg8kicmcvivwmybwjlpf7wh20l-graalvm17-ce-22.3.0/lib/libzip.so
7f9f3c007000-7f9f3c008000 ---p 00007000 00:1745 4611686019135192580      /nix/store/gpxl5qgg8kicmcvivwmybwjlpf7wh20l-graalvm17-ce-22.3.0/lib/libzip.so
7f9f3c008000-7f9f3c009000 r--p 00007000 00:1745 4611686019135192580      /nix/store/gpxl5qgg8kicmcvivwmybwjlpf7wh20l-graalvm17-ce-22.3.0/lib/libzip.so
7f9f3c009000-7f9f3c00a000 rw-p 00008000 00:1745 4611686019135192580      /nix/store/gpxl5qgg8kicmcvivwmybwjlpf7wh20l-graalvm17-ce-22.3.0/lib/libzip.so
7f9f3c00a000-7f9f3c00c000 rw-p 0000b000 00:1745 4611686019135192580      /nix/store/gpxl5qgg8kicmcvivwmybwjlpf7wh20l-graalvm17-ce-22.3.0/lib/libzip.so
7f9f3c00c000-7f9f3c01f000 r-xp 00000000 00:1745 4611686019135192571      /nix/store/gpxl5qgg8kicmcvivwmybwjlpf7wh20l-graalvm17-ce-22.3.0/lib/libnio.so
7f9f3c01f000-7f9f3c020000 r--p 00012000 00:1745 4611686019135192571      /nix/store/gpxl5qgg8kicmcvivwmybwjlpf7wh20l-graalvm17-ce-22.3.0/lib/libnio.so
7f9f3c020000-7f9f3c021000 rw-p 00013000 00:1745 4611686019135192571      /nix/store/gpxl5qgg8kicmcvivwmybwjlpf7wh20l-graalvm17-ce-22.3.0/lib/libnio.so
7f9f3c021000-7f9f3c026000 rw-p 00019000 00:1745 4611686019135192571      /nix/store/gpxl5qgg8kicmcvivwmybwjlpf7wh20l-graalvm17-ce-22.3.0/lib/libnio.so
7f9f3c026000-7f9f3d6fc000 rw-p 00000000 00:00 0 
7f9f3d6fc000-7f9f3d6fd000 ---p 00000000 00:00 0 
7f9f3d6fd000-7f9f3d8a8000 rw-p 00000000 00:00 0 
7f9f3d8a8000-7f9f3d8cc000 rw-p 00000000 00:00 0 
7f9f3d8cc000-7f9f3d8fe000 ---p 00000000 00:00 0 
7f9f3d8fe000-7f9f3d904000 rw-p 00000000 00:00 0 
7f9f3d904000-7f9f3d9ea000 ---p 00000000 00:00 0 
7f9f3d9ea000-7f9f3da03000 rw-p 00000000 00:00 0 
7f9f3da03000-7f9f3dad5000 ---p 00000000 00:00 0 
7f9f3dad5000-7f9f3dada000 rw-p 00000000 00:00 0 
7f9f3dada000-7f9f3dae1000 ---p 00000000 00:00 0 
7f9f3dae1000-7f9f3db05000 r-xp 00000000 00:1745 4611686019135190028      /nix/store/gpxl5qgg8kicmcvivwmybwjlpf7wh20l-graalvm17-ce-22.3.0/lib/libjava.so
7f9f3db05000-7f9f3db06000 ---p 00024000 00:1745 4611686019135190028      /nix/store/gpxl5qgg8kicmcvivwmybwjlpf7wh20l-graalvm17-ce-22.3.0/lib/libjava.so
7f9f3db06000-7f9f3db07000 r--p 00024000 00:1745 4611686019135190028      /nix/store/gpxl5qgg8kicmcvivwmybwjlpf7wh20l-graalvm17-ce-22.3.0/lib/libjava.so
7f9f3db07000-7f9f3db08000 rw-p 00025000 00:1745 4611686019135190028      /nix/store/gpxl5qgg8kicmcvivwmybwjlpf7wh20l-graalvm17-ce-22.3.0/lib/libjava.so
7f9f3db08000-7f9f3db09000 rw-p 00000000 00:00 0 
7f9f3db09000-7f9f3db10000 rw-p 0002f000 00:1745 4611686019135190028      /nix/store/gpxl5qgg8kicmcvivwmybwjlpf7wh20l-graalvm17-ce-22.3.0/lib/libjava.so
7f9f3db10000-7f9f3db18000 rw-s 00000000 00:24f 350                       /tmp/hsperfdata_runner/31
7f9f3db18000-7f9f3db19000 ---p 00000000 00:00 0 
7f9f3db19000-7f9f3db1a000 r--p 00000000 00:00 0 
7f9f3db1a000-7f9f3db1b000 rwxp 00000000 00:00 0 
7f9f3db1b000-7f9f3db36000 r-xp 00000000 00:1745 4611686019135190032      /nix/store/gpxl5qgg8kicmcvivwmybwjlpf7wh20l-graalvm17-ce-22.3.0/lib/libjimage.so
7f9f3db36000-7f9f3db37000 ---p 0001b000 00:1745 4611686019135190032      /nix/store/gpxl5qgg8kicmcvivwmybwjlpf7wh20l-graalvm17-ce-22.3.0/lib/libjimage.so
7f9f3db37000-7f9f3db39000 r--p 0001b000 00:1745 4611686019135190032      /nix/store/gpxl5qgg8kicmcvivwmybwjlpf7wh20l-graalvm17-ce-22.3.0/lib/libjimage.so
7f9f3db39000-7f9f3db3a000 rw-p 0001d000 00:1745 4611686019135190032      /nix/store/gpxl5qgg8kicmcvivwmybwjlpf7wh20l-graalvm17-ce-22.3.0/lib/libjimage.so
7f9f3db3a000-7f9f3db3b000 rw-p 00024000 00:1745 4611686019135190032      /nix/store/gpxl5qgg8kicmcvivwmybwjlpf7wh20l-graalvm17-ce-22.3.0/lib/libjimage.so
7f9f3db3b000-7f9f3db3f000 ---p 00000000 00:00 0 
7f9f3db3f000-7f9f3dc3b000 rw-p 00000000 00:00 0 
7f9f3dc3b000-7f9f3dc49000 r--p 00000000 00:1745 4611686019027979927      /nix/store/4nlgxhb09sdr51nc9hdm8az5b08vzkgx-glibc-2.35-163/lib/libm.so.6
7f9f3dc49000-7f9f3dcbc000 r-xp 0000e000 00:1745 4611686019027979927      /nix/store/4nlgxhb09sdr51nc9hdm8az5b08vzkgx-glibc-2.35-163/lib/libm.so.6
7f9f3dcbc000-7f9f3dd19000 r--p 00081000 00:1745 4611686019027979927      /nix/store/4nlgxhb09sdr51nc9hdm8az5b08vzkgx-glibc-2.35-163/lib/libm.so.6
7f9f3dd19000-7f9f3dd1a000 r--p 000dd000 00:1745 4611686019027979927      /nix/store/4nlgxhb09sdr51nc9hdm8az5b08vzkgx-glibc-2.35-163/lib/libm.so.6
7f9f3dd1a000-7f9f3dd1b000 rw-p 000de000 00:1745 4611686019027979927      /nix/store/4nlgxhb09sdr51nc9hdm8az5b08vzkgx-glibc-2.35-163/lib/libm.so.6
7f9f3dd1b000-7f9f3dd1c000 r--p 00000000 00:1745 4611686019027979946      /nix/store/4nlgxhb09sdr51nc9hdm8az5b08vzkgx-glibc-2.35-163/lib/librt.so.1
7f9f3dd1c000-7f9f3dd1d000 r-xp 00001000 00:1745 4611686019027979946      /nix/store/4nlgxhb09sdr51nc9hdm8az5b08vzkgx-glibc-2.35-163/lib/librt.so.1
7f9f3dd1d000-7f9f3dd1e000 r--p 00002000 00:1745 4611686019027979946      /nix/store/4nlgxhb09sdr51nc9hdm8az5b08vzkgx-glibc-2.35-163/lib/librt.so.1
7f9f3dd1e000-7f9f3dd1f000 r--p 00002000 00:1745 4611686019027979946      /nix/store/4nlgxhb09sdr51nc9hdm8az5b08vzkgx-glibc-2.35-163/lib/librt.so.1
7f9f3dd1f000-7f9f3dd20000 rw-p 00003000 00:1745 4611686019027979946      /nix/store/4nlgxhb09sdr51nc9hdm8az5b08vzkgx-glibc-2.35-163/lib/librt.so.1
7f9f3dd20000-7f9f3ee33000 r-xp 00000000 00:1745 4611686019135360866      /nix/store/gpxl5qgg8kicmcvivwmybwjlpf7wh20l-graalvm17-ce-22.3.0/lib/server/libjvm.so
7f9f3ee33000-7f9f3ee34000 ---p 01113000 00:1745 4611686019135360866      /nix/store/gpxl5qgg8kicmcvivwmybwjlpf7wh20l-graalvm17-ce-22.3.0/lib/server/libjvm.so
7f9f3ee34000-7f9f3eee9000 r--p 01113000 00:1745 4611686019135360866      /nix/store/gpxl5qgg8kicmcvivwmybwjlpf7wh20l-graalvm17-ce-22.3.0/lib/server/libjvm.so
7f9f3eee9000-7f9f3ef1d000 rw-p 011c8000 00:1745 4611686019135360866      /nix/store/gpxl5qgg8kicmcvivwmybwjlpf7wh20l-graalvm17-ce-22.3.0/lib/server/libjvm.so
7f9f3ef1d000-7f9f3ef79000 rw-p 00000000 00:00 0 
7f9f3ef79000-7f9f3efa1000 r--p 00000000 00:1745 4611686019027979918      /nix/store/4nlgxhb09sdr51nc9hdm8az5b08vzkgx-glibc-2.35-163/lib/libc.so.6
7f9f3efa1000-7f9f3f117000 r-xp 00028000 00:1745 4611686019027979918      /nix/store/4nlgxhb09sdr51nc9hdm8az5b08vzkgx-glibc-2.35-163/lib/libc.so.6
7f9f3f117000-7f9f3f16f000 r--p 0019e000 00:1745 4611686019027979918      /nix/store/4nlgxhb09sdr51nc9hdm8az5b08vzkgx-glibc-2.35-163/lib/libc.so.6
7f9f3f16f000-7f9f3f173000 r--p 001f6000 00:1745 4611686019027979918      /nix/store/4nlgxhb09sdr51nc9hdm8az5b08vzkgx-glibc-2.35-163/lib/libc.so.6
7f9f3f173000-7f9f3f175000 rw-p 001fa000 00:1745 4611686019027979918      /nix/store/4nlgxhb09sdr51nc9hdm8az5b08vzkgx-glibc-2.35-163/lib/libc.so.6
7f9f3f175000-7f9f3f184000 rw-p 00000000 00:00 0 
7f9f3f184000-7f9f3f185000 r--p 00000000 00:1745 4611686019027979923      /nix/store/4nlgxhb09sdr51nc9hdm8az5b08vzkgx-glibc-2.35-163/lib/libdl.so.2
7f9f3f185000-7f9f3f186000 r-xp 00001000 00:1745 4611686019027979923      /nix/store/4nlgxhb09sdr51nc9hdm8az5b08vzkgx-glibc-2.35-163/lib/libdl.so.2
7f9f3f186000-7f9f3f187000 r--p 00002000 00:1745 4611686019027979923      /nix/store/4nlgxhb09sdr51nc9hdm8az5b08vzkgx-glibc-2.35-163/lib/libdl.so.2
7f9f3f187000-7f9f3f188000 r--p 00002000 00:1745 4611686019027979923      /nix/store/4nlgxhb09sdr51nc9hdm8az5b08vzkgx-glibc-2.35-163/lib/libdl.so.2
7f9f3f188000-7f9f3f189000 rw-p 00003000 00:1745 4611686019027979923      /nix/store/4nlgxhb09sdr51nc9hdm8az5b08vzkgx-glibc-2.35-163/lib/libdl.so.2
7f9f3f189000-7f9f3f18a000 r--p 00000000 00:1745 4611686019027979942      /nix/store/4nlgxhb09sdr51nc9hdm8az5b08vzkgx-glibc-2.35-163/lib/libpthread.so.0
7f9f3f18a000-7f9f3f18b000 r-xp 00001000 00:1745 4611686019027979942      /nix/store/4nlgxhb09sdr51nc9hdm8az5b08vzkgx-glibc-2.35-163/lib/libpthread.so.0
7f9f3f18b000-7f9f3f18c000 r--p 00002000 00:1745 4611686019027979942      /nix/store/4nlgxhb09sdr51nc9hdm8az5b08vzkgx-glibc-2.35-163/lib/libpthread.so.0
7f9f3f18c000-7f9f3f18d000 r--p 00002000 00:1745 4611686019027979942      /nix/store/4nlgxhb09sdr51nc9hdm8az5b08vzkgx-glibc-2.35-163/lib/libpthread.so.0
7f9f3f18d000-7f9f3f18e000 rw-p 00003000 00:1745 4611686019027979942      /nix/store/4nlgxhb09sdr51nc9hdm8az5b08vzkgx-glibc-2.35-163/lib/libpthread.so.0
7f9f3f18e000-7f9f3f19c000 r-xp 00000000 00:1745 4611686019135190033      /nix/store/gpxl5qgg8kicmcvivwmybwjlpf7wh20l-graalvm17-ce-22.3.0/lib/libjli.so
7f9f3f19c000-7f9f3f19d000 ---p 0000e000 00:1745 4611686019135190033      /nix/store/gpxl5qgg8kicmcvivwmybwjlpf7wh20l-graalvm17-ce-22.3.0/lib/libjli.so
7f9f3f19d000-7f9f3f19e000 r--p 0000e000 00:1745 4611686019135190033      /nix/store/gpxl5qgg8kicmcvivwmybwjlpf7wh20l-graalvm17-ce-22.3.0/lib/libjli.so
7f9f3f19e000-7f9f3f19f000 rw-p 0000f000 00:1745 4611686019135190033      /nix/store/gpxl5qgg8kicmcvivwmybwjlpf7wh20l-graalvm17-ce-22.3.0/lib/libjli.so
7f9f3f19f000-7f9f3f1a0000 rw-p 00012000 00:1745 4611686019135190033      /nix/store/gpxl5qgg8kicmcvivwmybwjlpf7wh20l-graalvm17-ce-22.3.0/lib/libjli.so
7f9f3f1a0000-7f9f3f1a3000 r--p 00000000 00:1745 4611686019106210071      /nix/store/026hln0aq1hyshaxsdvhg0kmcm6yf45r-zlib-1.2.13/lib/libz.so.1.2.13
7f9f3f1a3000-7f9f3f1b5000 r-xp 00003000 00:1745 4611686019106210071      /nix/store/026hln0aq1hyshaxsdvhg0kmcm6yf45r-zlib-1.2.13/lib/libz.so.1.2.13
7f9f3f1b5000-7f9f3f1bc000 r--p 00015000 00:1745 4611686019106210071      /nix/store/026hln0aq1hyshaxsdvhg0kmcm6yf45r-zlib-1.2.13/lib/libz.so.1.2.13
7f9f3f1bc000-7f9f3f1bd000 r--p 0001b000 00:1745 4611686019106210071      /nix/store/026hln0aq1hyshaxsdvhg0kmcm6yf45r-zlib-1.2.13/lib/libz.so.1.2.13
7f9f3f1bd000-7f9f3f1be000 rw-p 0001c000 00:1745 4611686019106210071      /nix/store/026hln0aq1hyshaxsdvhg0kmcm6yf45r-zlib-1.2.13/lib/libz.so.1.2.13
7f9f3f1be000-7f9f3f1c0000 rw-p 00000000 00:00 0 
7f9f3f1c0000-7f9f3f1c2000 r--p 00000000 00:1745 4611686019027979912      /nix/store/4nlgxhb09sdr51nc9hdm8az5b08vzkgx-glibc-2.35-163/lib/ld-linux-x86-64.so.2
7f9f3f1c2000-7f9f3f1e9000 r-xp 00002000 00:1745 4611686019027979912      /nix/store/4nlgxhb09sdr51nc9hdm8az5b08vzkgx-glibc-2.35-163/lib/ld-linux-x86-64.so.2
7f9f3f1e9000-7f9f3f1f5000 r--p 00029000 00:1745 4611686019027979912      /nix/store/4nlgxhb09sdr51nc9hdm8az5b08vzkgx-glibc-2.35-163/lib/ld-linux-x86-64.so.2
7f9f3f1f5000-7f9f3f1f7000 r--p 00034000 00:1745 4611686019027979912      /nix/store/4nlgxhb09sdr51nc9hdm8az5b08vzkgx-glibc-2.35-163/lib/ld-linux-x86-64.so.2
7f9f3f1f7000-7f9f3f1f9000 rw-p 00036000 00:1745 4611686019027979912      /nix/store/4nlgxhb09sdr51nc9hdm8az5b08vzkgx-glibc-2.35-163/lib/ld-linux-x86-64.so.2
7ffd4d43c000-7ffd4d460000 rw-p 00000000 00:00 0                          [stack]
7ffd4d4e1000-7ffd4d4e5000 r--p 00000000 00:00 0                          [vvar]
7ffd4d4e5000-7ffd4d4e7000 r-xp 00000000 00:00 0                          [vdso]
ffffffffff600000-ffffffffff601000 --xp 00000000 00:00 0                  [vsyscall]


VM Arguments:
jvm_args: -XX:ThreadPriorityPolicy=1 -XX:+UnlockExperimentalVMOptions -XX:+EnableJVMCIProduct -XX:JVMCIThreadsPerNativeLibraryRuntime=1 -XX:-UnlockExperimentalVMOptions -Declipse.application=org.eclipse.jdt.ls.core.id1 -Dosgi.bundles.defaultStartLevel=4 -Declipse.product=org.eclipse.jdt.ls.core.product -Dlog.level=ALL -Xverify:none -XX:+UseParallelGC -XX:GCTimeRatio=4 -XX:AdaptiveSizePolicyWeight=90 -Dsun.zip.disableMemoryMapping=true -Xmx512m -Xms100m 
java_command: /nix/store/m6gcpi1ii6rghy04cjwjddcavv7i90df-jdt-language-server-1.9.0/share/java/plugins/org.eclipse.equinox.launcher_1.6.400.v20210924-0641.jar --add-modules=ALL-SYSTEM --add-opens java.base/java.util=ALL-UNNAMED --add-opens java.base/java.lang=ALL-UNNAMED -configuration /home/runner/.cache/jdt-language-server/config -data /home/runner/.cache/jdt-language-server/data/home/runner/HardtofindEarlyFolders
java_class_path (initial): /nix/store/m6gcpi1ii6rghy04cjwjddcavv7i90df-jdt-language-server-1.9.0/share/java/plugins/org.eclipse.equinox.launcher_1.6.400.v20210924-0641.jar
Launcher Type: SUN_STANDARD

[Global flags]
    uintx AdaptiveSizePolicyWeight                 = 90                                        {product} {command line}
     intx CICompilerCount                          = 2                                         {product} {ergonomic}
     bool EnableJVMCIProduct                       = true                                {JVMCI product} {jimage}
    uintx GCTimeRatio                              = 4                                         {product} {command line}
   size_t InitialHeapSize                          = 104857600                                 {product} {command line}
     uint JVMCIThreadsPerNativeLibraryRuntime      = 1                                   {JVMCI product} {jimage}
   size_t MaxHeapSize                              = 536870912                                 {product} {command line}
   size_t MaxNewSize                               = 178782208                                 {product} {ergonomic}
   size_t MinHeapDeltaBytes                        = 524288                                    {product} {ergonomic}
   size_t MinHeapSize                              = 104857600                                 {product} {command line}
   size_t NewSize                                  = 34603008                                  {product} {ergonomic}
    uintx NonNMethodCodeHeapSize                   = 5826188                                {pd product} {ergonomic}
    uintx NonProfiledCodeHeapSize                  = 122916026                              {pd product} {ergonomic}
   size_t OldSize                                  = 70254592                                  {product} {ergonomic}
    uintx ProfiledCodeHeapSize                     = 122916026                              {pd product} {ergonomic}
    uintx ReservedCodeCacheSize                    = 251658240                              {pd product} {ergonomic}
     bool SegmentedCodeCache                       = true                                      {product} {ergonomic}
   size_t SoftMaxHeapSize                          = 536870912                              {manageable} {ergonomic}
     intx ThreadPriorityPolicy                     = 1                                         {product} {jimage}
     bool UseCompressedClassPointers               = true                           {product lp64_product} {ergonomic}
     bool UseCompressedOops                        = true                           {product lp64_product} {ergonomic}
     bool UseParallelGC                            = true                                      {product} {command line}

Logging:
Log output configuration:
 #0: stdout all=warning uptime,level,tags
 #1: stderr all=off uptime,level,tags

Environment Variables:
JAVA_HOME=/nix/store/gpxl5qgg8kicmcvivwmybwjlpf7wh20l-graalvm17-ce-22.3.0
PATH=/nix/store/1d6ian3r8kdzspw8hacjhl3xkp40g1lj-binutils-wrapper-2.39/bin:/nix/store/dq0xwmsk1g0i2ayg6pb7y87na2knzylh-gcc-wrapper-11.3.0/bin:/nix/store/bap4d0lpcrhpwmpb8ayjcgkmvfj62lnq-bash-interactive-5.1-p16/bin:/nix/store/pr5n59mb4jzmfx6kanwxly0l07p861fg-patchelf-0.15.0/bin:/nix/store/1gf2flfqnpqbr1b4p4qz2f72y42bs56r-gcc-11.3.0/bin:/nix/store/57xv61c5zi8pphjbcwxxjlgc34p61ic9-glibc-2.35-163-bin/bin:/nix/store/a7gvj343m05j2s32xcnwr35v31ynlypr-coreutils-9.1/bin:/nix/store/039g378vc3pc3dvi9dzdlrd0i4q93qwf-binutils-2.39/bin:/nix/store/gpxl5qgg8kicmcvivwmybwjlpf7wh20l-graalvm17-ce-22.3.0/bin:/nix/store/6z9ag3ihc8mq2hzsw48lhbznvzny65nz-apache-maven-3.8.6/bin:/nix/store/m6gcpi1ii6rghy04cjwjddcavv7i90df-jdt-language-server-1.9.0/bin:/nix/store/84xs5alhs01zrbr4ywm05kxbjbp5590l-java-debug/bin:/nix/store/mydc6f4k2z73xlcz7ilif3v2lcaiqvza-findutils-4.9.0/bin:/nix/store/j9p3g8472iijd50vhdprx0nmk2fqn5gv-diffutils-3.8/bin:/nix/store/89zs7rms6x00xfq4dq6m7mjnhkr8a6r4-gnused-4.8/bin:/nix/store/86bp03jkmsl6f92w0yzg4s59g5mhxwmy-gnugrep-3.7/bin:/nix/store/hwcdqw4jrjnd37wxqgsd47hd0j8bnj09-gawk-5.1.1/bin:/nix/store/cfbhw8r8ags41vwqaz47r583d0p4h4a1-gnutar-1.34/bin:/nix/store/p3m1ndl1lapwrlh698bnb5lvvxh67378-gzip-1.12/bin:/nix/store/a8mhcagrsly7c7mpjrpsnaahk4aax056-bzip2-1.0.8-bin/bin:/nix/store/mblgz65m3zv9x548a3d5m96fj2pbwr09-gnumake-4.3/bin:/nix/store/dsd5gz46hdbdk2rfdimqddhq6m8m8fqs-bash-5.1-p16/bin:/nix/store/v7ljksji50mg3w61dykaa3n3y79n6nil-patch-2.7.6/bin:/nix/store/zlcnmqq14jz5x9439jf937mvayyl63da-xz-5.2.7-bin/bin:/nix/store/y6aj732zm9m87c82fpvf103a1xb22blp-file-5.43/bin:/nix/store/sgqd0ajghcv2axfl1lad0b1alyavp0dc-prybar-elisp-0.0.0-67f7a00/bin:/nix/store/p3hsvljpgs68jqwar41lc0jqhjj734lf-prybar-lua-0.0.0-67f7a00/bin:/nix/store/qzxs2gybds3s9kb1vkaflpgm2nwr85fh-prybar-python3-0.0.0-67f7a00/bin:/nix/store/km94z9mxp8w4m8gxxp5mbfpdf3nkfvd8-prybar-sqlite-0.0.0-67f7a00/bin:/nix/store/2pnc7b76asw0z59c4l6h6qy8arwqrii1-prybar-tcl-0.0.0-67f7a00/bin:/nix/store/hpbvrlwd5viqmvcaisb3x0118i913a9n-st
LD_LIBRARY_PATH=/nix/store/a4pff549sk2idnkpzk5nsfps3mdkdnvm-cups-2.4.2-lib/lib:/nix/store/72mqxxhh3cy5yifh92wh2yb8cl2hikyy-cairo-1.16.0/lib:/nix/store/2k366jrbsra97gjfxwvrhvixjfxdach5-glib-2.74.1/lib:/nix/store/2j2znigd8ak37rlwh9khz0ry3clqlw1l-gtk+3-3.24.34/lib:/nix/store/hisqvx32cd57apbpcsnkpx6k3549wql1-libglvnd-1.4.0/lib:/nix/store/p36pgcv991mq5srvg765b78yqpxvk3qs-mesa-21.3.3-drivers/lib:/nix/store/mav4251if1ahjq5vkpwycyyvnmy459c4-pulseaudio-14.2/lib
DISPLAY=:0
LANG=en_US.UTF-8

Signal Handlers:
   SIGSEGV: crash_handler in libjvm.so, mask=11100100010111111101111111111110, flags=SA_RESTART|SA_SIGINFO
    SIGBUS: crash_handler in libjvm.so, mask=11100100010111111101111111111110, flags=SA_RESTART|SA_SIGINFO
    SIGFPE: crash_handler in libjvm.so, mask=11100100010111111101111111111110, flags=SA_RESTART|SA_SIGINFO
   SIGPIPE: IsolateEnterStub_IgnoreSIGPIPEStartupHook_noopSignalHandler_8f19bff2f35b5f630d83b364d6b2339320d4ec70_216e8361c6bc87a8f89f58cc10d3b2fd4415bf87 in libjvmcicompiler.so, mask=00000000000000000000000000000000, flags=SA_RESTART
  *** Handler was modified!
  *** Expected: javaSignalHandler in libjvm.so, mask=11100100110111111111111111111110, flags=SA_RESTART|SA_SIGINFO
   SIGXFSZ: javaSignalHandler in libjvm.so, mask=11100100010111111101111111111110, flags=SA_RESTART|SA_SIGINFO
    SIGILL: crash_handler in libjvm.so, mask=11100100010111111101111111111110, flags=SA_RESTART|SA_SIGINFO
   SIGUSR2: SR_handler in libjvm.so, mask=00000000000000000000000000000000, flags=SA_RESTART|SA_SIGINFO
    SIGHUP: UserHandler in libjvm.so, mask=11100100010111111101111111111110, flags=SA_RESTART|SA_SIGINFO
    SIGINT: UserHandler in libjvm.so, mask=11100100010111111101111111111110, flags=SA_RESTART|SA_SIGINFO
   SIGTERM: UserHandler in libjvm.so, mask=11100100010111111101111111111110, flags=SA_RESTART|SA_SIGINFO
   SIGQUIT: UserHandler in libjvm.so, mask=11100100010111111101111111111110, flags=SA_RESTART|SA_SIGINFO
  *** Handler was modified!
  *** Expected: javaSignalHandler in libjvm.so, mask=11100100110111111111111111111110, flags=SA_RESTART|SA_SIGINFO
   SIGTRAP: crash_handler in libjvm.so, mask=11100100010111111101111111111110, flags=SA_RESTART|SA_SIGINFO


---------------  S Y S T E M  ---------------

OS:
DISTRIB_ID=Ubuntu
DISTRIB_RELEASE=20.04
DISTRIB_CODENAME=focal
DISTRIB_DESCRIPTION="Ubuntu 20.04.2 LTS"
uname: Linux 5.15.0-1029-gcp #36~20.04.1-Ubuntu SMP Tue Jan 24 16:54:15 UTC 2023 x86_64
OS uptime: 0 days 6:12 hours
libc: glibc 2.35 NPTL 2.35 
rlimit (soft/hard): STACK 8192k/infinity , CORE infinity/infinity , NPROC infinity/infinity , NOFILE 5242/5242 , AS infinity/infinity , CPU infinity/infinity , DATA infinity/infinity , FSIZE infinity/infinity , MEMLOCK 64k/64k
load average: 9.15 14.60 15.13

/proc/meminfo:
MemTotal:       65852724 kB
MemFree:        31644184 kB
MemAvailable:   49863416 kB
Buffers:         2193748 kB
Cached:         14997744 kB
SwapCached:            0 kB
Active:          8186220 kB
Inactive:       22325236 kB
Active(anon):      13364 kB
Inactive(anon): 13119988 kB
Active(file):    8172856 kB
Inactive(file):  9205248 kB
Unevictable:       43176 kB
Mlocked:           43176 kB
SwapTotal:             0 kB
SwapFree:              0 kB
Dirty:             97172 kB
Writeback:           104 kB
AnonPages:      12649888 kB
Mapped:          1602356 kB
Shmem:             30504 kB
KReclaimable:    1567728 kB
Slab:            2774520 kB
SReclaimable:    1567728 kB
SUnreclaim:      1206792 kB
KernelStack:      388480 kB
PageTables:       119108 kB
NFS_Unstable:          0 kB
Bounce:                0 kB
WritebackTmp:          0 kB
CommitLimit:    32926360 kB
Committed_AS:   60632532 kB
VmallocTotal:   34359738367 kB
VmallocUsed:      424020 kB
VmallocChunk:          0 kB
Percpu:            58080 kB
HardwareCorrupted:     0 kB
AnonHugePages:   1212416 kB
ShmemHugePages:        0 kB
ShmemPmdMapped:        0 kB
FileHugePages:         0 kB
FilePmdMapped:         0 kB
HugePages_Total:       0
HugePages_Free:        0
HugePages_Rsvd:        0
HugePages_Surp:        0
Hugepagesize:       2048 kB
Hugetlb:               0 kB
DirectMap4k:     4139840 kB
DirectMap2M:    41994240 kB
DirectMap1G:    23068672 kB

/sys/kernel/mm/transparent_hugepage/enabled: always [madvise] never
/sys/kernel/mm/transparent_hugepage/defrag (defrag/compaction efforts parameter): always defer defer+madvise [madvise] never

Process Memory:
Virtual Size: 4447320K (peak: 4532028K)
Resident Set Size: 749632K (peak: 797192K) (anon: 552392K, file: 197240K, shmem: 0K)
Swapped out: 0K
C-Heap outstanding allocations: 40359K, retained: 9548K
glibc malloc tunables: (default)

/proc/sys/kernel/threads-max (system-wide limit on the number of threads): 514406
/proc/sys/vm/max_map_count (maximum number of memory map areas a process may have): 65530
/proc/sys/kernel/pid_max (system-wide limit on number of process identifiers): 4194304

container (cgroup) information:
container_type: cgroupv1
cpu_cpuset_cpus: 2-7
cpu_memory_nodes: 0
active_processor_count: 1
cpu_quota: 50000
cpu_period: 100000
cpu_shares: 512
memory_limit_in_bytes: 1048576 k
memory_and_swap_limit_in_bytes: 1048576 k
memory_soft_limit_in_bytes: 524288 k
memory_usage_in_bytes: 587412 k
memory_max_usage_in_bytes: 625824 k
maximum number of tasks: 1000
current number of tasks: 49

KVM virtualization detected
Steal ticks since vm start: 0
Steal ticks percentage since vm start:  0.000

CPU: total 8 (initial active 1) (8 cores per cpu, 2 threads per core) family 23 model 49 stepping 0 microcode 0xffffffff, cx8, cmov, fxsr, ht, mmx, 3dnowpref, sse, sse2, sse3, ssse3, sse4a, sse4.1, sse4.2, popcnt, lzcnt, tsc, tscinvbit, avx, avx2, aes, clmul, bmi1, bmi2, adx, sha, fma, vzeroupper, clflush, clflushopt, hv
CPU Model and flags from /proc/cpuinfo:
model name	: AMD EPYC 7B12
flags		: fpu vme de pse tsc msr pae mce cx8 apic sep mtrr pge mca cmov pat pse36 clflush mmx fxsr sse sse2 ht syscall nx mmxext fxsr_opt pdpe1gb rdtscp lm constant_tsc rep_good nopl nonstop_tsc cpuid extd_apicid tsc_known_freq pni pclmulqdq ssse3 fma cx16 sse4_1 sse4_2 movbe popcnt aes xsave avx f16c rdrand hypervisor lahf_lm cmp_legacy cr8_legacy abm sse4a misalignsse 3dnowprefetch osvw topoext ssbd ibrs ibpb stibp vmmcall fsgsbase tsc_adjust bmi1 avx2 smep bmi2 rdseed adx smap clflushopt clwb sha_ni xsaveopt xsavec xgetbv1 clzero xsaveerptr arat npt nrip_save umip rdpid

Online cpus: 0-7
Offline cpus: 
BIOS frequency limitation: <Not Available>
Frequency switch latency (ns): <Not Available>
Available cpu frequencies: <Not Available>
Current governor: <Not Available>
Core performance/turbo boost: <Not Available>

Memory: 4k page, physical 1048576k(461152k free), swap 0k(0k free)
Page Sizes: 4k

vm_info: OpenJDK 64-Bit Server VM (17.0.5+8-jvmci-22.3-b08) for linux-amd64 JRE (17.0.5+8-jvmci-22.3-b08), built on Oct 19 2022 09:01:27 by "buildslave" with gcc 10.3.0

END.
